#
# There is insufficient memory for the Java Runtime Environment to continue.
# Native memory allocation (malloc) failed to allocate 1218800 bytes for Chunk::new
# Possible reasons:
#   The system is out of physical RAM or swap space
#   In 32 bit mode, the process size limit was hit
# Possible solutions:
#   Reduce memory load on the system
#   Increase physical memory or swap space
#   Check if swap backing store is full
#   Use 64 bit Java on a 64 bit OS
#   Decrease Java heap size (-Xmx/-Xms)
#   Decrease number of Java threads
#   Decrease Java thread stack sizes (-Xss)
#   Set larger code cache with -XX:ReservedCodeCacheSize=
# This output file may be truncated or incomplete.
#
#  Out of Memory Error (allocation.cpp:390), pid=25992, tid=0x0000000000005218
#
# JRE version: OpenJDK Runtime Environment (8.0_112-b06) (build 1.8.0_112-release-b06)
# Java VM: OpenJDK 64-Bit Server VM (25.112-b06 mixed mode windows-amd64 compressed oops)
# Failed to write core dump. Minidumps are not enabled by default on client versions of Windows
#

---------------  T H R E A D  ---------------

Current thread (0x0000000016b3a800):  JavaThread "C2 CompilerThread1" daemon [_thread_in_native, id=21016, stack(0x0000000018380000,0x0000000018480000)]

Stack: [0x0000000018380000,0x0000000018480000]
[error occurred during error reporting (printing stack bounds), id 0xc0000005]

Native frames: (J=compiled Java code, j=interpreted, Vv=VM code, C=native code)


Current CompileTask:
C2:  11904 4132       4       sun.reflect.generics.parser.SignatureParser::parseFieldTypeSignature (73 bytes)


---------------  P R O C E S S  ---------------

Java Threads: ( => current thread )
  0x00000000197f4800 JavaThread "File lock request listener" [_thread_in_native, id=27572, stack(0x000000001c840000,0x000000001c940000)]
  0x00000000199f7000 JavaThread "Stdin handler" [_thread_blocked, id=6728, stack(0x000000001b570000,0x000000001b670000)]
  0x00000000199f6000 JavaThread "Asynchronous log dispatcher for DefaultDaemonConnection: socket connection from /127.0.0.1:60416 to /127.0.0.1:60417" [_thread_blocked, id=20152, stack(0x000000001b470000,0x000000001b570000)]
  0x00000000197c3000 JavaThread "Daemon worker" [_thread_in_native, id=19660, stack(0x000000001b370000,0x000000001b470000)]
  0x00000000197b0800 JavaThread "Cancel handler" [_thread_blocked, id=6620, stack(0x000000001b270000,0x000000001b370000)]
  0x00000000199f9000 JavaThread "pool-1-thread-1" [_thread_blocked, id=23792, stack(0x000000001b170000,0x000000001b270000)]
  0x000000001989d000 JavaThread "Handler for socket connection from /127.0.0.1:60416 to /127.0.0.1:60417" [_thread_in_native, id=17160, stack(0x000000001b070000,0x000000001b170000)]
  0x000000001a232800 JavaThread "Daemon" [_thread_blocked, id=23992, stack(0x000000001af70000,0x000000001b070000)]
  0x0000000019861000 JavaThread "Incoming local TCP Connector on port 60416" [_thread_in_native, id=19600, stack(0x000000001a350000,0x000000001a450000)]
  0x0000000016b9e000 JavaThread "Service Thread" daemon [_thread_blocked, id=24884, stack(0x0000000018980000,0x0000000018a80000)]
  0x0000000016b3e000 JavaThread "C1 CompilerThread2" daemon [_thread_blocked, id=12736, stack(0x0000000018480000,0x0000000018580000)]
=>0x0000000016b3a800 JavaThread "C2 CompilerThread1" daemon [_thread_in_native, id=21016, stack(0x0000000018380000,0x0000000018480000)]
  0x0000000016b4a800 JavaThread "C2 CompilerThread0" daemon [_thread_in_native, id=25680, stack(0x0000000018280000,0x0000000018380000)]
  0x0000000016b47000 JavaThread "Attach Listener" daemon [_thread_blocked, id=23716, stack(0x0000000018180000,0x0000000018280000)]
  0x0000000016b45800 JavaThread "Signal Dispatcher" daemon [_thread_blocked, id=12828, stack(0x0000000018080000,0x0000000018180000)]
  0x00000000031cc800 JavaThread "Finalizer" daemon [_thread_blocked, id=16448, stack(0x0000000017d90000,0x0000000017e90000)]
  0x00000000031c1800 JavaThread "Reference Handler" daemon [_thread_blocked, id=3036, stack(0x0000000017c90000,0x0000000017d90000)]
  0x00000000030d0800 JavaThread "main" [_thread_blocked, id=17152, stack(0x0000000002f00000,0x0000000003000000)]

Other Threads:
  0x0000000016b05800 VMThread [stack: 0x0000000017b90000,0x0000000017c90000] [id=13996]
  0x00000000185ae000 WatcherThread [stack: 0x0000000018a80000,0x0000000018b80000] [id=18544]

VM state:not at safepoint (normal execution)

VM Mutex/Monitor currently owned by a thread: None

Heap:
 PSYoungGen      total 77824K, used 62041K [0x00000000e0000000, 0x00000000e5880000, 0x0000000100000000)
  eden space 66560K, 85% used [0x00000000e0000000,0x00000000e37dd410,0x00000000e4100000)
  from space 11264K, 42% used [0x00000000e4c00000,0x00000000e50b9278,0x00000000e5700000)
  to   space 11264K, 0% used [0x00000000e4100000,0x00000000e4100000,0x00000000e4c00000)
 ParOldGen       total 105984K, used 16065K [0x00000000a0000000, 0x00000000a6780000, 0x00000000e0000000)
  object space 105984K, 15% used [0x00000000a0000000,0x00000000a0fb0600,0x00000000a6780000)
 Metaspace       used 39744K, capacity 40796K, committed 40960K, reserved 1085440K
  class space    used 5363K, capacity 5623K, committed 5632K, reserved 1048576K

Card table byte_map: [0x0000000012590000,0x00000000128a0000] byte_map_base: 0x0000000012090000

Marking Bits: (ParMarkBitMap*) 0x0000000071f218f0
 Begin Bits: [0x0000000012ea0000, 0x00000000146a0000)
 End Bits:   [0x00000000146a0000, 0x0000000015ea0000)

Polling page: 0x00000000018d0000

CodeCache: size=245760Kb used=14662Kb max_used=15725Kb free=231097Kb
 bounds [0x00000000031d0000, 0x0000000004140000, 0x00000000121d0000]
 total_blobs=4567 nmethods=3841 adapters=638
 compilation: enabled

Compilation events (10 events):
Event: 11.809 Thread 0x0000000016b3e000 4186       3       java.util.regex.Pattern$Curly::study (153 bytes)
Event: 11.809 Thread 0x0000000016b3e000 nmethod 4186 0x00000000036ca250 code [0x00000000036ca3e0, 0x00000000036ca998]
Event: 11.838 Thread 0x0000000016b3e000 4187       3       java.lang.invoke.MethodType::<init> (40 bytes)
Event: 11.839 Thread 0x0000000016b3e000 nmethod 4187 0x00000000033fc2d0 code [0x00000000033fc480, 0x00000000033fcae8]
Event: 11.839 Thread 0x0000000016b3e000 4188       3       java.lang.invoke.MethodTypeForm::canonicalize (64 bytes)
Event: 11.839 Thread 0x0000000016b3e000 nmethod 4188 0x00000000034a9710 code [0x00000000034a98a0, 0x00000000034a9ce8]
Event: 11.839 Thread 0x0000000016b3e000 4189       3       java.lang.invoke.MethodType$ConcurrentWeakInternSet::add (66 bytes)
Event: 11.840 Thread 0x0000000016b3e000 nmethod 4189 0x00000000035e0c90 code [0x00000000035e0ec0, 0x00000000035e1c88]
Event: 11.856 Thread 0x0000000016b3e000 4190       3       sun.nio.fs.WindowsPathParser::isInvalidPathChar (22 bytes)
Event: 11.857 Thread 0x0000000016b3e000 nmethod 4190 0x000000000333fa10 code [0x000000000333fb80, 0x000000000333fee8]

GC Heap History (10 events):
Event: 6.267 GC heap before
{Heap before GC invocations=8 (full 1):
 PSYoungGen      total 53248K, used 48960K [0x00000000e0000000, 0x00000000e3f00000, 0x0000000100000000)
  eden space 43008K, 100% used [0x00000000e0000000,0x00000000e2a00000,0x00000000e2a00000)
  from space 10240K, 58% used [0x00000000e3500000,0x00000000e3ad0018,0x00000000e3f00000)
  to   space 10752K, 0% used [0x00000000e2a00000,0x00000000e2a00000,0x00000000e3480000)
 ParOldGen       total 69120K, used 9487K [0x00000000a0000000, 0x00000000a4380000, 0x00000000e0000000)
  object space 69120K, 13% used [0x00000000a0000000,0x00000000a0943f48,0x00000000a4380000)
 Metaspace       used 29910K, capacity 30612K, committed 30720K, reserved 1075200K
  class space    used 4103K, capacity 4310K, committed 4352K, reserved 1048576K
Event: 6.276 GC heap after
Heap after GC invocations=8 (full 1):
 PSYoungGen      total 53760K, used 6806K [0x00000000e0000000, 0x00000000e4a80000, 0x0000000100000000)
  eden space 43008K, 0% used [0x00000000e0000000,0x00000000e0000000,0x00000000e2a00000)
  from space 10752K, 63% used [0x00000000e2a00000,0x00000000e30a5ad0,0x00000000e3480000)
  to   space 10240K, 0% used [0x00000000e4080000,0x00000000e4080000,0x00000000e4a80000)
 ParOldGen       total 69120K, used 9559K [0x00000000a0000000, 0x00000000a4380000, 0x00000000e0000000)
  object space 69120K, 13% used [0x00000000a0000000,0x00000000a0955f58,0x00000000a4380000)
 Metaspace       used 29910K, capacity 30612K, committed 30720K, reserved 1075200K
  class space    used 4103K, capacity 4310K, committed 4352K, reserved 1048576K
}
Event: 10.184 GC heap before
{Heap before GC invocations=9 (full 1):
 PSYoungGen      total 53760K, used 49814K [0x00000000e0000000, 0x00000000e4a80000, 0x0000000100000000)
  eden space 43008K, 100% used [0x00000000e0000000,0x00000000e2a00000,0x00000000e2a00000)
  from space 10752K, 63% used [0x00000000e2a00000,0x00000000e30a5ad0,0x00000000e3480000)
  to   space 10240K, 0% used [0x00000000e4080000,0x00000000e4080000,0x00000000e4a80000)
 ParOldGen       total 69120K, used 9559K [0x00000000a0000000, 0x00000000a4380000, 0x00000000e0000000)
  object space 69120K, 13% used [0x00000000a0000000,0x00000000a0955f58,0x00000000a4380000)
 Metaspace       used 31431K, capacity 32160K, committed 32384K, reserved 1077248K
  class space    used 4280K, capacity 4467K, committed 4480K, reserved 1048576K
Event: 10.195 GC heap after
Heap after GC invocations=9 (full 1):
 PSYoungGen      total 62976K, used 7707K [0x00000000e0000000, 0x00000000e4900000, 0x0000000100000000)
  eden space 54272K, 0% used [0x00000000e0000000,0x00000000e0000000,0x00000000e3500000)
  from space 8704K, 88% used [0x00000000e4080000,0x00000000e4806da8,0x00000000e4900000)
  to   space 10240K, 0% used [0x00000000e3500000,0x00000000e3500000,0x00000000e3f00000)
 ParOldGen       total 69120K, used 9567K [0x00000000a0000000, 0x00000000a4380000, 0x00000000e0000000)
  object space 69120K, 13% used [0x00000000a0000000,0x00000000a0957f58,0x00000000a4380000)
 Metaspace       used 31431K, capacity 32160K, committed 32384K, reserved 1077248K
  class space    used 4280K, capacity 4467K, committed 4480K, reserved 1048576K
}
Event: 10.460 GC heap before
{Heap before GC invocations=10 (full 1):
 PSYoungGen      total 62976K, used 27306K [0x00000000e0000000, 0x00000000e4900000, 0x0000000100000000)
  eden space 54272K, 36% used [0x00000000e0000000,0x00000000e1323ce0,0x00000000e3500000)
  from space 8704K, 88% used [0x00000000e4080000,0x00000000e4806da8,0x00000000e4900000)
  to   space 10240K, 0% used [0x00000000e3500000,0x00000000e3500000,0x00000000e3f00000)
 ParOldGen       total 69120K, used 9567K [0x00000000a0000000, 0x00000000a4380000, 0x00000000e0000000)
  object space 69120K, 13% used [0x00000000a0000000,0x00000000a0957f58,0x00000000a4380000)
 Metaspace       used 34414K, capacity 35258K, committed 35456K, reserved 1079296K
  class space    used 4645K, capacity 4882K, committed 4992K, reserved 1048576K
Event: 10.468 GC heap after
Heap after GC invocations=10 (full 1):
 PSYoungGen      total 64512K, used 9814K [0x00000000e0000000, 0x00000000e5700000, 0x0000000100000000)
  eden space 54272K, 0% used [0x00000000e0000000,0x00000000e0000000,0x00000000e3500000)
  from space 10240K, 95% used [0x00000000e3500000,0x00000000e3e95a10,0x00000000e3f00000)
  to   space 11264K, 0% used [0x00000000e4c00000,0x00000000e4c00000,0x00000000e5700000)
 ParOldGen       total 69120K, used 9575K [0x00000000a0000000, 0x00000000a4380000, 0x00000000e0000000)
  object space 69120K, 13% used [0x00000000a0000000,0x00000000a0959f58,0x00000000a4380000)
 Metaspace       used 34414K, capacity 35258K, committed 35456K, reserved 1079296K
  class space    used 4645K, capacity 4882K, committed 4992K, reserved 1048576K
}
Event: 10.468 GC heap before
{Heap before GC invocations=11 (full 2):
 PSYoungGen      total 64512K, used 9814K [0x00000000e0000000, 0x00000000e5700000, 0x0000000100000000)
  eden space 54272K, 0% used [0x00000000e0000000,0x00000000e0000000,0x00000000e3500000)
  from space 10240K, 95% used [0x00000000e3500000,0x00000000e3e95a10,0x00000000e3f00000)
  to   space 11264K, 0% used [0x00000000e4c00000,0x00000000e4c00000,0x00000000e5700000)
 ParOldGen       total 69120K, used 9575K [0x00000000a0000000, 0x00000000a4380000, 0x00000000e0000000)
  object space 69120K, 13% used [0x00000000a0000000,0x00000000a0959f58,0x00000000a4380000)
 Metaspace       used 34414K, capacity 35258K, committed 35456K, reserved 1079296K
  class space    used 4645K, capacity 4882K, committed 4992K, reserved 1048576K
Event: 10.556 GC heap after
Heap after GC invocations=11 (full 2):
 PSYoungGen      total 64512K, used 0K [0x00000000e0000000, 0x00000000e5700000, 0x0000000100000000)
  eden space 54272K, 0% used [0x00000000e0000000,0x00000000e0000000,0x00000000e3500000)
  from space 10240K, 0% used [0x00000000e3500000,0x00000000e3500000,0x00000000e3f00000)
  to   space 11264K, 0% used [0x00000000e4c00000,0x00000000e4c00000,0x00000000e5700000)
 ParOldGen       total 105984K, used 16057K [0x00000000a0000000, 0x00000000a6780000, 0x00000000e0000000)
  object space 105984K, 15% used [0x00000000a0000000,0x00000000a0fae600,0x00000000a6780000)
 Metaspace       used 34414K, capacity 35258K, committed 35456K, reserved 1079296K
  class space    used 4645K, capacity 4882K, committed 4992K, reserved 1048576K
}
Event: 11.182 GC heap before
{Heap before GC invocations=12 (full 2):
 PSYoungGen      total 64512K, used 54272K [0x00000000e0000000, 0x00000000e5700000, 0x0000000100000000)
  eden space 54272K, 100% used [0x00000000e0000000,0x00000000e3500000,0x00000000e3500000)
  from space 10240K, 0% used [0x00000000e3500000,0x00000000e3500000,0x00000000e3f00000)
  to   space 11264K, 0% used [0x00000000e4c00000,0x00000000e4c00000,0x00000000e5700000)
 ParOldGen       total 105984K, used 16057K [0x00000000a0000000, 0x00000000a6780000, 0x00000000e0000000)
  object space 105984K, 15% used [0x00000000a0000000,0x00000000a0fae600,0x00000000a6780000)
 Metaspace       used 37617K, capacity 38446K, committed 38656K, reserved 1083392K
  class space    used 5034K, capacity 5250K, committed 5376K, reserved 1048576K
Event: 11.189 GC heap after
Heap after GC invocations=12 (full 2):
 PSYoungGen      total 77824K, used 4836K [0x00000000e0000000, 0x00000000e5880000, 0x0000000100000000)
  eden space 66560K, 0% used [0x00000000e0000000,0x00000000e0000000,0x00000000e4100000)
  from space 11264K, 42% used [0x00000000e4c00000,0x00000000e50b9278,0x00000000e5700000)
  to   space 11264K, 0% used [0x00000000e4100000,0x00000000e4100000,0x00000000e4c00000)
 ParOldGen       total 105984K, used 16065K [0x00000000a0000000, 0x00000000a6780000, 0x00000000e0000000)
  object space 105984K, 15% used [0x00000000a0000000,0x00000000a0fb0600,0x00000000a6780000)
 Metaspace       used 37617K, capacity 38446K, committed 38656K, reserved 1083392K
  class space    used 5034K, capacity 5250K, committed 5376K, reserved 1048576K
}

Deoptimization events (10 events):
Event: 11.178 Thread 0x00000000197c3000 Uncommon trap: reason=unstable_if action=reinterpret pc=0x000000000392942c method=java.security.CodeSource.getCertificates()[Ljava/security/cert/Certificate; @ 22
Event: 11.205 Thread 0x00000000197c3000 Uncommon trap: reason=unstable_if action=reinterpret pc=0x0000000003f122c0 method=java.util.LinkedHashMap.get(Ljava/lang/Object;)Ljava/lang/Object; @ 20
Event: 11.348 Thread 0x00000000197c3000 Uncommon trap: reason=class_check action=maybe_recompile pc=0x00000000039aae90 method=org.codehaus.groovy.runtime.metaclass.MetaMethodIndex.addMethodToList(Ljava/lang/Object;Lgroovy/lang/MetaMethod;)Ljava/lang/Object; @ 213
Event: 11.558 Thread 0x00000000197c3000 Uncommon trap: reason=unstable_if action=reinterpret pc=0x0000000003ef202c method=java.util.WeakHashMap.eq(Ljava/lang/Object;Ljava/lang/Object;)Z @ 10
Event: 11.592 Thread 0x00000000197c3000 Uncommon trap: reason=unstable_if action=reinterpret pc=0x0000000003326394 method=java.util.HashMap$HashIterator.<init>(Ljava/util/HashMap;)V @ 45
Event: 11.689 Thread 0x00000000197c3000 Uncommon trap: reason=unstable_if action=reinterpret pc=0x00000000034d4824 method=groovy.lang.MetaClassImpl.filterPropertyMethod(Ljava/lang/Object;ZZ)Ljava/lang/Object; @ 187
Event: 11.712 Thread 0x00000000197c3000 Uncommon trap: reason=bimorphic action=maybe_recompile pc=0x000000000331221c method=org.codehaus.groovy.util.SingleKeyHashMap.get(Ljava/lang/Object;)Ljava/lang/Object; @ 1
Event: 11.713 Thread 0x00000000197c3000 Uncommon trap: reason=bimorphic action=maybe_recompile pc=0x000000000331221c method=org.codehaus.groovy.util.SingleKeyHashMap.get(Ljava/lang/Object;)Ljava/lang/Object; @ 1
Event: 11.713 Thread 0x00000000197c3000 Uncommon trap: reason=unstable_if action=reinterpret pc=0x0000000003ebb8e4 method=groovy.lang.MetaClassImpl.checkIfStdMethod(Lgroovy/lang/MetaMethod;)V @ 167
Event: 11.719 Thread 0x00000000197c3000 Uncommon trap: reason=unstable_if action=reinterpret pc=0x0000000003eb448c method=groovy.lang.MetaClassImpl.checkIfStdMethod(Lgroovy/lang/MetaMethod;)V @ 167

Internal exceptions (10 events):
Event: 11.857 Thread 0x00000000197c3000 Exception <a 'sun/nio/fs/WindowsException'> (0x00000000e3775f00) thrown at [C:\src\android\AOSP-openjdk\external\jetbrains\jdk\hotspot\src\share\vm\prims\jni.cpp, line 709]
Event: 11.857 Thread 0x00000000197c3000 Exception <a 'sun/nio/fs/WindowsException'> (0x00000000e3776a20) thrown at [C:\src\android\AOSP-openjdk\external\jetbrains\jdk\hotspot\src\share\vm\prims\jni.cpp, line 709]
Event: 11.874 Thread 0x00000000197c3000 Exception <a 'sun/nio/fs/WindowsException'> (0x00000000e3787be0) thrown at [C:\src\android\AOSP-openjdk\external\jetbrains\jdk\hotspot\src\share\vm\prims\jni.cpp, line 709]
Event: 11.874 Thread 0x00000000197c3000 Exception <a 'sun/nio/fs/WindowsException'> (0x00000000e3788718) thrown at [C:\src\android\AOSP-openjdk\external\jetbrains\jdk\hotspot\src\share\vm\prims\jni.cpp, line 709]
Event: 11.874 Thread 0x00000000197c3000 Exception <a 'sun/nio/fs/WindowsException'> (0x00000000e378a290) thrown at [C:\src\android\AOSP-openjdk\external\jetbrains\jdk\hotspot\src\share\vm\prims\jni.cpp, line 709]
Event: 11.875 Thread 0x00000000197c3000 Exception <a 'sun/nio/fs/WindowsException'> (0x00000000e378ae00) thrown at [C:\src\android\AOSP-openjdk\external\jetbrains\jdk\hotspot\src\share\vm\prims\jni.cpp, line 709]
Event: 11.887 Thread 0x00000000197c3000 Exception <a 'sun/nio/fs/WindowsException'> (0x00000000e378e418) thrown at [C:\src\android\AOSP-openjdk\external\jetbrains\jdk\hotspot\src\share\vm\prims\jni.cpp, line 709]
Event: 11.887 Thread 0x00000000197c3000 Exception <a 'sun/nio/fs/WindowsException'> (0x00000000e378ef78) thrown at [C:\src\android\AOSP-openjdk\external\jetbrains\jdk\hotspot\src\share\vm\prims\jni.cpp, line 709]
Event: 11.887 Thread 0x00000000197c3000 Exception <a 'sun/nio/fs/WindowsException'> (0x00000000e3790b18) thrown at [C:\src\android\AOSP-openjdk\external\jetbrains\jdk\hotspot\src\share\vm\prims\jni.cpp, line 709]
Event: 11.887 Thread 0x00000000197c3000 Exception <a 'sun/nio/fs/WindowsException'> (0x00000000e37916b0) thrown at [C:\src\android\AOSP-openjdk\external\jetbrains\jdk\hotspot\src\share\vm\prims\jni.cpp, line 709]

Events (10 events):
Event: 11.873 loading class java/nio/file/attribute/FileAttributeView done
Event: 11.873 loading class java/nio/file/attribute/BasicFileAttributeView done
Event: 11.873 loading class sun/nio/fs/WindowsFileAttributeViews
Event: 11.873 loading class sun/nio/fs/WindowsFileAttributeViews done
Event: 11.873 loading class sun/nio/fs/WindowsFileAttributeViews$Basic
Event: 11.873 loading class sun/nio/fs/AbstractBasicFileAttributeView
Event: 11.873 loading class sun/nio/fs/DynamicFileAttributeView
Event: 11.873 loading class sun/nio/fs/DynamicFileAttributeView done
Event: 11.873 loading class sun/nio/fs/AbstractBasicFileAttributeView done
Event: 11.873 loading class sun/nio/fs/WindowsFileAttributeViews$Basic done


Dynamic libraries:
0x00007ff7a5e40000 - 0x00007ff7a5e71000 	C:\Program Files\Android\Android Studio\jre\bin\java.exe
0x00007ff9177a0000 - 0x00007ff91797b000 	C:\WINDOWS\SYSTEM32\ntdll.dll
0x00007ff917110000 - 0x00007ff9171be000 	C:\WINDOWS\System32\KERNEL32.DLL
0x00007ff9146f0000 - 0x00007ff914939000 	C:\WINDOWS\System32\KERNELBASE.dll
0x00007ff916f50000 - 0x00007ff916ff1000 	C:\WINDOWS\System32\ADVAPI32.dll
0x00007ff9175d0000 - 0x00007ff91766d000 	C:\WINDOWS\System32\msvcrt.dll
0x00007ff917570000 - 0x00007ff9175c9000 	C:\WINDOWS\System32\sechost.dll
0x00007ff917670000 - 0x00007ff917795000 	C:\WINDOWS\System32\RPCRT4.dll
0x00007ff916ca0000 - 0x00007ff916dea000 	C:\WINDOWS\System32\USER32.dll
0x00007ff914c90000 - 0x00007ff914cae000 	C:\WINDOWS\System32\win32u.dll
0x00007ff917310000 - 0x00007ff917337000 	C:\WINDOWS\System32\GDI32.dll
0x00007ff913cc0000 - 0x00007ff913e47000 	C:\WINDOWS\System32\gdi32full.dll
0x00007ff913e50000 - 0x00007ff913eea000 	C:\WINDOWS\System32\msvcp_win.dll
0x00007ff913ef0000 - 0x00007ff913fe6000 	C:\WINDOWS\System32\ucrtbase.dll
0x00007ff904520000 - 0x00007ff904787000 	C:\WINDOWS\WinSxS\amd64_microsoft.windows.common-controls_6595b64144ccf1df_6.0.15063.483_none_26002d27e7c744a2\COMCTL32.dll
0x00007ff916290000 - 0x00007ff916589000 	C:\WINDOWS\System32\combase.dll
0x00007ff914940000 - 0x00007ff9149aa000 	C:\WINDOWS\System32\bcryptPrimitives.dll
0x00007ff916ad0000 - 0x00007ff916afd000 	C:\WINDOWS\System32\IMM32.DLL
0x00000000715a0000 - 0x0000000071672000 	C:\Program Files\Android\Android Studio\jre\jre\bin\msvcr100.dll
0x0000000071760000 - 0x0000000071f9c000 	C:\Program Files\Android\Android Studio\jre\jre\bin\server\jvm.dll
0x00007ff916280000 - 0x00007ff916288000 	C:\WINDOWS\System32\PSAPI.DLL
0x00007ff90a930000 - 0x00007ff90a953000 	C:\WINDOWS\SYSTEM32\WINMM.dll
0x00007ff904360000 - 0x00007ff904369000 	C:\WINDOWS\SYSTEM32\WSOCK32.dll
0x00007ff9120e0000 - 0x00007ff9120ea000 	C:\WINDOWS\SYSTEM32\VERSION.dll
0x00007ff9169f0000 - 0x00007ff916a5c000 	C:\WINDOWS\System32\WS2_32.dll
0x00007ff90a900000 - 0x00007ff90a92b000 	C:\WINDOWS\SYSTEM32\winmmbase.dll
0x00007ff914cb0000 - 0x00007ff914cf9000 	C:\WINDOWS\System32\cfgmgr32.dll
0x00007ff901a80000 - 0x00007ff901a8f000 	C:\Program Files\Android\Android Studio\jre\jre\bin\verify.dll
0x00007ff8f3ff0000 - 0x00007ff8f4019000 	C:\Program Files\Android\Android Studio\jre\jre\bin\java.dll
0x00007ff8f21f0000 - 0x00007ff8f2206000 	C:\Program Files\Android\Android Studio\jre\jre\bin\zip.dll
0x00007ff914d00000 - 0x00007ff916137000 	C:\WINDOWS\System32\SHELL32.dll
0x00007ff917260000 - 0x00007ff91730a000 	C:\WINDOWS\System32\shcore.dll
0x00007ff913ff0000 - 0x00007ff9146e1000 	C:\WINDOWS\System32\windows.storage.dll
0x00007ff916140000 - 0x00007ff916191000 	C:\WINDOWS\System32\shlwapi.dll
0x00007ff913c80000 - 0x00007ff913c91000 	C:\WINDOWS\System32\kernel.appcore.dll
0x00007ff913c10000 - 0x00007ff913c5c000 	C:\WINDOWS\System32\powrprof.dll
0x00007ff913c60000 - 0x00007ff913c75000 	C:\WINDOWS\System32\profapi.dll
0x00007ff8f20e0000 - 0x00007ff8f20fa000 	C:\Program Files\Android\Android Studio\jre\jre\bin\net.dll
0x00007ff913190000 - 0x00007ff9131ec000 	C:\WINDOWS\system32\mswsock.dll
0x00007ff8f20c0000 - 0x00007ff8f20d1000 	C:\Program Files\Android\Android Studio\jre\jre\bin\nio.dll
0x00007ff8f40c0000 - 0x00007ff8f40de000 	C:\Users\mrksa\.gradle\native\23\windows-amd64\native-platform.dll
0x00007ff9135c0000 - 0x00007ff9135d7000 	C:\WINDOWS\SYSTEM32\CRYPTSP.dll
0x00007ff912db0000 - 0x00007ff912de4000 	C:\WINDOWS\system32\rsaenh.dll
0x00007ff913b40000 - 0x00007ff913b65000 	C:\WINDOWS\SYSTEM32\bcrypt.dll
0x00007ff913b10000 - 0x00007ff913b39000 	C:\WINDOWS\SYSTEM32\USERENV.dll
0x00007ff913330000 - 0x00007ff91333b000 	C:\WINDOWS\SYSTEM32\CRYPTBASE.dll
0x00007ff912f30000 - 0x00007ff912f67000 	C:\WINDOWS\SYSTEM32\IPHLPAPI.DLL
0x00007ff916a60000 - 0x00007ff916a68000 	C:\WINDOWS\System32\NSI.dll
0x00007ff90c230000 - 0x00007ff90c246000 	C:\WINDOWS\SYSTEM32\dhcpcsvc6.DLL
0x00007ff90c0f0000 - 0x00007ff90c10a000 	C:\WINDOWS\SYSTEM32\dhcpcsvc.DLL
0x00007ff901f30000 - 0x00007ff901f3d000 	C:\Program Files\Android\Android Studio\jre\jre\bin\management.dll

VM Arguments:
jvm_args: -Xmx1536m -Dfile.encoding=windows-1252 -Duser.country=US -Duser.language=en -Duser.variant 
java_command: org.gradle.launcher.daemon.bootstrap.GradleDaemon 3.3
java_class_path (initial): C:\Users\mrksa\.gradle\wrapper\dists\gradle-3.3-all\55gk2rcmfc6p2dg9u9ohc3hw9\gradle-3.3\lib\gradle-launcher-3.3.jar
Launcher Type: SUN_STANDARD

Environment Variables:
CLASSPATH=C:\Program Files\Java\jre1.8.0_121\bin;C:\Program Files\Java\jdk1.8.0_121\bin;.
PATH=C:\ProgramData\Oracle\Java\javapath;C:\WINDOWS\system32;C:\WINDOWS;C:\WINDOWS\System32\Wbem;C:\WINDOWS\System32\WindowsPowerShell\v1.0\;C:\WINDOWS\system32\config\systemprofile\.dnx\bin;C:\Program Files\Microsoft DNX\Dnvm\;C:\Program Files\Microsoft SQL Server\130\Tools\Binn\;C:\Program Files (x86)\Microsoft SQL Server\110\DTS\Binn\;C:\Program Files (x86)\Microsoft SQL Server\120\DTS\Binn\;C:\Program Files (x86)\Microsoft Visual Studio 14.0\Common7\IDE;C:\Program Files\Java\jdk1.8.0_121\bin;C:\Program Files\Java\jre1.8.0_121\bin;C:\Program Files\Intel\WiFi\bin\;C:\Program Files\Common Files\Intel\WirelessCommon\;C:\Program Files (x86)\GtkSharp\2.12\bin;C:\Program Files (x86)\Windows Kits\8.1\Windows Performance Toolkit\;C:\Program Files\Python35\Scripts;C:\Program Files\Python35;C:\Program Files\Git\cmd;C:\Program Files (x86)\Skype\Phone\;C:\xampp\php;C:\ProgramData\ComposerSetup\bin;C:\xampp\php;C:\xampp\mysql\bin;C:\Users\mrksa\AppData\Roaming\Composer\vendor\bin;C:\Users\mrksa\AppData\Local\atom\bin
USERNAME=mrksa
OS=Windows_NT
PROCESSOR_IDENTIFIER=Intel64 Family 6 Model 78 Stepping 3, GenuineIntel



---------------  S Y S T E M  ---------------

OS: Windows 10.0 , 64 bit Build 15063 (10.0.15063.296)

CPU:total 4 (2 cores per cpu, 2 threads per core) family 6 model 78 stepping 3, cmov, cx8, fxsr, mmx, sse, sse2, sse3, ssse3, sse4.1, sse4.2, popcnt, avx, avx2, aes, clmul, erms, 3dnowpref, lzcnt, ht, tsc, tscinvbit, bmi1, bmi2, adx

Memory: 4k page, physical 8204552k(440404k free), swap 15572696k(4492k free)

vm_info: OpenJDK 64-Bit Server VM (25.112-b06) for windows-amd64 JRE (1.8.0_112-release-b06), built on Dec  8 2016 00:54:26 by "builder" with MS VC++ 10.0 (VS2010)

time: Wed Dec 06 15:25:34 2017
elapsed time: 11 seconds (0d 0h 0m 11s)

