#
# There is insufficient memory for the Java Runtime Environment to continue.
# Native memory allocation (malloc) failed to allocate 1063776 bytes for Chunk::new
# Possible reasons:
#   The system is out of physical RAM or swap space
#   In 32 bit mode, the process size limit was hit
# Possible solutions:
#   Reduce memory load on the system
#   Increase physical memory or swap space
#   Check if swap backing store is full
#   Use 64 bit Java on a 64 bit OS
#   Decrease Java heap size (-Xmx/-Xms)
#   Decrease number of Java threads
#   Decrease Java thread stack sizes (-Xss)
#   Set larger code cache with -XX:ReservedCodeCacheSize=
# This output file may be truncated or incomplete.
#
#  Out of Memory Error (allocation.cpp:390), pid=25888, tid=0x00000000000019c0
#
# JRE version: OpenJDK Runtime Environment (8.0_112-b06) (build 1.8.0_112-release-b06)
# Java VM: OpenJDK 64-Bit Server VM (25.112-b06 mixed mode windows-amd64 compressed oops)
# Failed to write core dump. Minidumps are not enabled by default on client versions of Windows
#

---------------  T H R E A D  ---------------

Current thread (0x000000001694a800):  JavaThread "C2 CompilerThread0" daemon [_thread_in_native, id=6592, stack(0x0000000018090000,0x0000000018190000)]

Stack: [0x0000000018090000,0x0000000018190000]
[error occurred during error reporting (printing stack bounds), id 0xc0000005]

Native frames: (J=compiled Java code, j=interpreted, Vv=VM code, C=native code)


Current CompileTask:
C2:  36714 10051       4       com.android.utils.PositionXmlParser::getPositionHelper (757 bytes)


---------------  P R O C E S S  ---------------

Java Threads: ( => current thread )
  0x0000000019cef800 JavaThread "pool-3-thread-4" [_thread_blocked, id=27368, stack(0x0000000023440000,0x0000000023540000)]
  0x0000000019cf4000 JavaThread "pool-3-thread-3" [_thread_blocked, id=26084, stack(0x0000000023340000,0x0000000023440000)]
  0x0000000019cf3800 JavaThread "pool-3-thread-2" [_thread_blocked, id=21844, stack(0x0000000023140000,0x0000000023240000)]
  0x0000000019cf2800 JavaThread "pool-3-thread-1" [_thread_blocked, id=18292, stack(0x0000000023040000,0x0000000023140000)]
  0x0000000019cf1000 JavaThread "Cache update executor" [_thread_blocked, id=27404, stack(0x0000000022930000,0x0000000022a30000)]
  0x0000000019cf0800 JavaThread "File lock request listener" [_thread_in_native, id=24796, stack(0x0000000021ab0000,0x0000000021bb0000)]
  0x00000000196af800 JavaThread "Stdin handler" [_thread_blocked, id=24032, stack(0x000000001c350000,0x000000001c450000)]
  0x00000000196fb800 JavaThread "Asynchronous log dispatcher for DefaultDaemonConnection: socket connection from /127.0.0.1:60575 to /127.0.0.1:60576" [_thread_blocked, id=21112, stack(0x000000001c250000,0x000000001c350000)]
  0x00000000196f9000 JavaThread "Daemon worker" [_thread_in_Java, id=24932, stack(0x000000001c150000,0x000000001c250000)]
  0x0000000019fb0000 JavaThread "Cancel handler" [_thread_blocked, id=18768, stack(0x000000001c050000,0x000000001c150000)]
  0x00000000197aa800 JavaThread "pool-1-thread-1" [_thread_blocked, id=25976, stack(0x000000001bf50000,0x000000001c050000)]
  0x0000000018edd000 JavaThread "Handler for socket connection from /127.0.0.1:60575 to /127.0.0.1:60576" [_thread_in_native, id=12980, stack(0x000000001be50000,0x000000001bf50000)]
  0x0000000018ed0800 JavaThread "Daemon" [_thread_blocked, id=22628, stack(0x000000001bd50000,0x000000001be50000)]
  0x0000000019c26800 JavaThread "Incoming local TCP Connector on port 60575" [_thread_in_native, id=23352, stack(0x000000001a160000,0x000000001a260000)]
  0x00000000183b0800 JavaThread "Service Thread" daemon [_thread_blocked, id=11044, stack(0x0000000018790000,0x0000000018890000)]
  0x000000001693e000 JavaThread "C1 CompilerThread2" daemon [_thread_blocked, id=2668, stack(0x0000000018290000,0x0000000018390000)]
  0x000000001693a800 JavaThread "C2 CompilerThread1" daemon [_thread_in_native, id=23876, stack(0x0000000018190000,0x0000000018290000)]
=>0x000000001694a800 JavaThread "C2 CompilerThread0" daemon [_thread_in_native, id=6592, stack(0x0000000018090000,0x0000000018190000)]
  0x0000000016947000 JavaThread "Attach Listener" daemon [_thread_blocked, id=12524, stack(0x0000000017f90000,0x0000000018090000)]
  0x0000000016945800 JavaThread "Signal Dispatcher" daemon [_thread_blocked, id=4984, stack(0x0000000017e90000,0x0000000017f90000)]
  0x0000000002fcc000 JavaThread "Finalizer" daemon [_thread_blocked, id=19328, stack(0x0000000017ba0000,0x0000000017ca0000)]
  0x0000000002fc0800 JavaThread "Reference Handler" daemon [_thread_blocked, id=10540, stack(0x0000000017aa0000,0x0000000017ba0000)]
  0x0000000002ed0800 JavaThread "main" [_thread_blocked, id=23200, stack(0x0000000002dd0000,0x0000000002ed0000)]

Other Threads:
  0x0000000016905000 VMThread [stack: 0x00000000179a0000,0x0000000017aa0000] [id=27600]
  0x000000001699d800 WatcherThread [stack: 0x0000000018890000,0x0000000018990000] [id=19572]

VM state:not at safepoint (normal execution)

VM Mutex/Monitor currently owned by a thread: None

Heap:
 PSYoungGen      total 176128K, used 110487K [0x00000000e0000000, 0x00000000ee980000, 0x0000000100000000)
  eden space 142848K, 54% used [0x00000000e0000000,0x00000000e4b663a0,0x00000000e8b80000)
  from space 33280K, 99% used [0x00000000e8b80000,0x00000000eabffa50,0x00000000eac00000)
  to   space 39424K, 0% used [0x00000000ec300000,0x00000000ec300000,0x00000000ee980000)
 ParOldGen       total 111616K, used 49350K [0x00000000a0000000, 0x00000000a6d00000, 0x00000000e0000000)
  object space 111616K, 44% used [0x00000000a0000000,0x00000000a30318c0,0x00000000a6d00000)
 Metaspace       used 57109K, capacity 58836K, committed 59136K, reserved 1099776K
  class space    used 7493K, capacity 7877K, committed 7936K, reserved 1048576K

Card table byte_map: [0x0000000012390000,0x00000000126a0000] byte_map_base: 0x0000000011e90000

Marking Bits: (ParMarkBitMap*) 0x0000000071f218f0
 Begin Bits: [0x0000000012ca0000, 0x00000000144a0000)
 End Bits:   [0x00000000144a0000, 0x0000000015ca0000)

Polling page: 0x0000000001530000

CodeCache: size=245760Kb used=27756Kb max_used=27767Kb free=218003Kb
 bounds [0x0000000002fd0000, 0x0000000004b20000, 0x0000000011fd0000]
 total_blobs=9130 nmethods=8343 adapters=699
 compilation: enabled

Compilation events (10 events):
Event: 36.646 Thread 0x000000001693e000 10165       3       org.gradle.api.specs.Specs::union (18 bytes)
Event: 36.646 Thread 0x000000001693e000 nmethod 10165 0x0000000004a58c10 code [0x0000000004a58da0, 0x0000000004a590d8]
Event: 36.661 Thread 0x000000001693a800 nmethod 10163 0x0000000004b0ec50 code [0x0000000004b0ee60, 0x0000000004b0fb00]
Event: 36.661 Thread 0x000000001693a800 10167   !   4       java.nio.file.FileTreeWalker::next (144 bytes)
Event: 36.677 Thread 0x000000001693e000 10169       3       com.google.common.cache.AbstractCache$SimpleStatsCounter::recordHits (12 bytes)
Event: 36.678 Thread 0x000000001693e000 nmethod 10169 0x0000000004a587d0 code [0x0000000004a58940, 0x0000000004a58b28]
Event: 36.680 Thread 0x000000001693e000 10171       3       java.util.HashMap$KeySet::contains (9 bytes)
Event: 36.680 Thread 0x000000001693e000 nmethod 10171 0x0000000004b0e810 code [0x0000000004b0e980, 0x0000000004b0eba8]
Event: 36.683 Thread 0x000000001693e000 10172       1       com.google.common.collect.MapMakerInternalMap$StrongValueReference::copyFor (2 bytes)
Event: 36.683 Thread 0x000000001693e000 nmethod 10172 0x0000000004b0e550 code [0x0000000004b0e6a0, 0x0000000004b0e7b0]

GC Heap History (10 events):
Event: 11.490 GC heap before
{Heap before GC invocations=11 (full 2):
 PSYoungGen      total 126464K, used 126318K [0x00000000e0000000, 0x00000000e8e80000, 0x0000000100000000)
  eden space 115200K, 100% used [0x00000000e0000000,0x00000000e7080000,0x00000000e7080000)
  from space 11264K, 98% used [0x00000000e8380000,0x00000000e8e5b8e0,0x00000000e8e80000)
  to   space 13312K, 0% used [0x00000000e7480000,0x00000000e7480000,0x00000000e8180000)
 ParOldGen       total 111616K, used 17680K [0x00000000a0000000, 0x00000000a6d00000, 0x00000000e0000000)
  object space 111616K, 15% used [0x00000000a0000000,0x00000000a1144318,0x00000000a6d00000)
 Metaspace       used 47877K, capacity 48982K, committed 49152K, reserved 1091584K
  class space    used 6333K, capacity 6628K, committed 6656K, reserved 1048576K
Event: 11.516 GC heap after
Heap after GC invocations=11 (full 2):
 PSYoungGen      total 132608K, used 13282K [0x00000000e0000000, 0x00000000ea400000, 0x0000000100000000)
  eden space 119296K, 0% used [0x00000000e0000000,0x00000000e0000000,0x00000000e7480000)
  from space 13312K, 99% used [0x00000000e7480000,0x00000000e8178a10,0x00000000e8180000)
  to   space 16896K, 0% used [0x00000000e9380000,0x00000000e9380000,0x00000000ea400000)
 ParOldGen       total 111616K, used 22178K [0x00000000a0000000, 0x00000000a6d00000, 0x00000000e0000000)
  object space 111616K, 19% used [0x00000000a0000000,0x00000000a15a8b18,0x00000000a6d00000)
 Metaspace       used 47877K, capacity 48982K, committed 49152K, reserved 1091584K
  class space    used 6333K, capacity 6628K, committed 6656K, reserved 1048576K
}
Event: 18.760 GC heap before
{Heap before GC invocations=12 (full 2):
 PSYoungGen      total 132608K, used 132578K [0x00000000e0000000, 0x00000000ea400000, 0x0000000100000000)
  eden space 119296K, 100% used [0x00000000e0000000,0x00000000e7480000,0x00000000e7480000)
  from space 13312K, 99% used [0x00000000e7480000,0x00000000e8178a10,0x00000000e8180000)
  to   space 16896K, 0% used [0x00000000e9380000,0x00000000e9380000,0x00000000ea400000)
 ParOldGen       total 111616K, used 22178K [0x00000000a0000000, 0x00000000a6d00000, 0x00000000e0000000)
  object space 111616K, 19% used [0x00000000a0000000,0x00000000a15a8b18,0x00000000a6d00000)
 Metaspace       used 52691K, capacity 54326K, committed 54528K, reserved 1095680K
  class space    used 7033K, capacity 7400K, committed 7424K, reserved 1048576K
Event: 18.785 GC heap after
Heap after GC invocations=12 (full 2):
 PSYoungGen      total 145408K, used 16884K [0x00000000e0000000, 0x00000000eb100000, 0x0000000100000000)
  eden space 128512K, 0% used [0x00000000e0000000,0x00000000e0000000,0x00000000e7d80000)
  from space 16896K, 99% used [0x00000000e9380000,0x00000000ea3fd390,0x00000000ea400000)
  to   space 22528K, 0% used [0x00000000e7d80000,0x00000000e7d80000,0x00000000e9380000)
 ParOldGen       total 111616K, used 31404K [0x00000000a0000000, 0x00000000a6d00000, 0x00000000e0000000)
  object space 111616K, 28% used [0x00000000a0000000,0x00000000a1eab110,0x00000000a6d00000)
 Metaspace       used 52691K, capacity 54326K, committed 54528K, reserved 1095680K
  class space    used 7033K, capacity 7400K, committed 7424K, reserved 1048576K
}
Event: 21.890 GC heap before
{Heap before GC invocations=13 (full 2):
 PSYoungGen      total 145408K, used 145396K [0x00000000e0000000, 0x00000000eb100000, 0x0000000100000000)
  eden space 128512K, 100% used [0x00000000e0000000,0x00000000e7d80000,0x00000000e7d80000)
  from space 16896K, 99% used [0x00000000e9380000,0x00000000ea3fd390,0x00000000ea400000)
  to   space 22528K, 0% used [0x00000000e7d80000,0x00000000e7d80000,0x00000000e9380000)
 ParOldGen       total 111616K, used 31404K [0x00000000a0000000, 0x00000000a6d00000, 0x00000000e0000000)
  object space 111616K, 28% used [0x00000000a0000000,0x00000000a1eab110,0x00000000a6d00000)
 Metaspace       used 55610K, capacity 57322K, committed 57472K, reserved 1099776K
  class space    used 7351K, capacity 7744K, committed 7808K, reserved 1048576K
Event: 21.922 GC heap after
Heap after GC invocations=13 (full 2):
 PSYoungGen      total 151040K, used 22516K [0x00000000e0000000, 0x00000000ec880000, 0x0000000100000000)
  eden space 128512K, 0% used [0x00000000e0000000,0x00000000e0000000,0x00000000e7d80000)
  from space 22528K, 99% used [0x00000000e7d80000,0x00000000e937d3c0,0x00000000e9380000)
  to   space 29184K, 0% used [0x00000000eac00000,0x00000000eac00000,0x00000000ec880000)
 ParOldGen       total 111616K, used 40655K [0x00000000a0000000, 0x00000000a6d00000, 0x00000000e0000000)
  object space 111616K, 36% used [0x00000000a0000000,0x00000000a27b3fe0,0x00000000a6d00000)
 Metaspace       used 55610K, capacity 57322K, committed 57472K, reserved 1099776K
  class space    used 7351K, capacity 7744K, committed 7808K, reserved 1048576K
}
Event: 25.586 GC heap before
{Heap before GC invocations=14 (full 2):
 PSYoungGen      total 151040K, used 151028K [0x00000000e0000000, 0x00000000ec880000, 0x0000000100000000)
  eden space 128512K, 100% used [0x00000000e0000000,0x00000000e7d80000,0x00000000e7d80000)
  from space 22528K, 99% used [0x00000000e7d80000,0x00000000e937d3c0,0x00000000e9380000)
  to   space 29184K, 0% used [0x00000000eac00000,0x00000000eac00000,0x00000000ec880000)
 ParOldGen       total 111616K, used 40655K [0x00000000a0000000, 0x00000000a6d00000, 0x00000000e0000000)
  object space 111616K, 36% used [0x00000000a0000000,0x00000000a27b3fe0,0x00000000a6d00000)
 Metaspace       used 55651K, capacity 57322K, committed 57472K, reserved 1099776K
  class space    used 7351K, capacity 7744K, committed 7808K, reserved 1048576K
Event: 25.622 GC heap after
Heap after GC invocations=14 (full 2):
 PSYoungGen      total 172032K, used 29119K [0x00000000e0000000, 0x00000000ed000000, 0x0000000100000000)
  eden space 142848K, 0% used [0x00000000e0000000,0x00000000e0000000,0x00000000e8b80000)
  from space 29184K, 99% used [0x00000000eac00000,0x00000000ec86ff60,0x00000000ec880000)
  to   space 33280K, 0% used [0x00000000e8b80000,0x00000000e8b80000,0x00000000eac00000)
 ParOldGen       total 111616K, used 46415K [0x00000000a0000000, 0x00000000a6d00000, 0x00000000e0000000)
  object space 111616K, 41% used [0x00000000a0000000,0x00000000a2d53c90,0x00000000a6d00000)
 Metaspace       used 55651K, capacity 57322K, committed 57472K, reserved 1099776K
  class space    used 7351K, capacity 7744K, committed 7808K, reserved 1048576K
}
Event: 35.919 GC heap before
{Heap before GC invocations=15 (full 2):
 PSYoungGen      total 172032K, used 171967K [0x00000000e0000000, 0x00000000ed000000, 0x0000000100000000)
  eden space 142848K, 100% used [0x00000000e0000000,0x00000000e8b80000,0x00000000e8b80000)
  from space 29184K, 99% used [0x00000000eac00000,0x00000000ec86ff60,0x00000000ec880000)
  to   space 33280K, 0% used [0x00000000e8b80000,0x00000000e8b80000,0x00000000eac00000)
 ParOldGen       total 111616K, used 46415K [0x00000000a0000000, 0x00000000a6d00000, 0x00000000e0000000)
  object space 111616K, 41% used [0x00000000a0000000,0x00000000a2d53c90,0x00000000a6d00000)
 Metaspace       used 56332K, capacity 58084K, committed 58240K, reserved 1099776K
  class space    used 7402K, capacity 7779K, committed 7808K, reserved 1048576K
Event: 35.955 GC heap after
Heap after GC invocations=15 (full 2):
 PSYoungGen      total 176128K, used 33278K [0x00000000e0000000, 0x00000000ee980000, 0x0000000100000000)
  eden space 142848K, 0% used [0x00000000e0000000,0x00000000e0000000,0x00000000e8b80000)
  from space 33280K, 99% used [0x00000000e8b80000,0x00000000eabffa50,0x00000000eac00000)
  to   space 39424K, 0% used [0x00000000ec300000,0x00000000ec300000,0x00000000ee980000)
 ParOldGen       total 111616K, used 49350K [0x00000000a0000000, 0x00000000a6d00000, 0x00000000e0000000)
  object space 111616K, 44% used [0x00000000a0000000,0x00000000a30318c0,0x00000000a6d00000)
 Metaspace       used 56332K, capacity 58084K, committed 58240K, reserved 1099776K
  class space    used 7402K, capacity 7779K, committed 7808K, reserved 1048576K
}

Deoptimization events (10 events):
Event: 36.584 Thread 0x00000000196f9000 Uncommon trap: reason=bimorphic action=maybe_recompile pc=0x000000000428a130 method=java.io.Writer.write(Ljava/lang/String;)V @ 7
Event: 36.604 Thread 0x00000000196f9000 Uncommon trap: reason=unstable_if action=reinterpret pc=0x0000000003aa6c30 method=org.gradle.cache.internal.AsyncCacheAccessContext.copyOfCurrent()Lorg/gradle/cache/internal/AsyncCacheAccessContext; @ 5
Event: 36.608 Thread 0x0000000019cf1000 Uncommon trap: reason=bimorphic action=maybe_recompile pc=0x0000000004069ccc method=java.io.DataInputStream.readChar()C @ 4
Event: 36.609 Thread 0x0000000019cf1000 Uncommon trap: reason=bimorphic action=maybe_recompile pc=0x0000000004069ccc method=java.io.DataInputStream.readChar()C @ 4
Event: 36.609 Thread 0x0000000019cf1000 Uncommon trap: reason=bimorphic action=maybe_recompile pc=0x0000000004069ccc method=java.io.DataInputStream.readChar()C @ 4
Event: 36.609 Thread 0x0000000019cf1000 Uncommon trap: reason=bimorphic action=maybe_recompile pc=0x0000000004a1518c method=java.util.concurrent.FutureTask.finishCompletion()V @ 65
Event: 36.640 Thread 0x00000000196f9000 Uncommon trap: reason=class_check action=maybe_recompile pc=0x0000000004815ad4 method=com.google.common.cache.LocalCache$Segment.get(Ljava/lang/Object;ILcom/google/common/cache/CacheLoader;)Ljava/lang/Object; @ 70
Event: 36.640 Thread 0x00000000196f9000 Uncommon trap: reason=class_check action=maybe_recompile pc=0x0000000004815ad4 method=com.google.common.cache.LocalCache$Segment.get(Ljava/lang/Object;ILcom/google/common/cache/CacheLoader;)Ljava/lang/Object; @ 70
Event: 36.640 Thread 0x00000000196f9000 Uncommon trap: reason=class_check action=maybe_recompile pc=0x0000000004815ad4 method=com.google.common.cache.LocalCache$Segment.get(Ljava/lang/Object;ILcom/google/common/cache/CacheLoader;)Ljava/lang/Object; @ 70
Event: 36.641 Thread 0x00000000196f9000 Uncommon trap: reason=class_check action=maybe_recompile pc=0x0000000004815ad4 method=com.google.common.cache.LocalCache$Segment.get(Ljava/lang/Object;ILcom/google/common/cache/CacheLoader;)Ljava/lang/Object; @ 70

Internal exceptions (10 events):
Event: 13.464 Thread 0x00000000196f9000 Exception <a 'java/lang/NoSuchMethodError': <clinit>> (0x00000000e70fe920) thrown at [C:\src\android\AOSP-openjdk\external\jetbrains\jdk\hotspot\src\share\vm\prims\jni.cpp, line 1613]
Event: 13.466 Thread 0x00000000196f9000 Exception <a 'java/lang/NoSuchMethodError': <clinit>> (0x00000000e7117678) thrown at [C:\src\android\AOSP-openjdk\external\jetbrains\jdk\hotspot\src\share\vm\prims\jni.cpp, line 1613]
Event: 13.466 Thread 0x00000000196f9000 Exception <a 'java/lang/NoSuchMethodError': <clinit>> (0x00000000e71192f8) thrown at [C:\src\android\AOSP-openjdk\external\jetbrains\jdk\hotspot\src\share\vm\prims\jni.cpp, line 1613]
Event: 26.677 Thread 0x00000000196f9000 Implicit null exception at 0x0000000004a14e17 to 0x0000000004a15165
Event: 35.244 Thread 0x00000000196f9000 Implicit null exception at 0x000000000323031a to 0x0000000003230671
Event: 35.287 Thread 0x00000000196f9000 Implicit null exception at 0x0000000004a6dcaa to 0x0000000004a6c255
Event: 35.287 Thread 0x00000000196f9000 Implicit null exception at 0x0000000004a6dcaa to 0x0000000004a6c255
Event: 35.310 Thread 0x00000000196f9000 Implicit null exception at 0x0000000004a6dcaa to 0x0000000004a6c255
Event: 36.468 Thread 0x00000000196f9000 Implicit null exception at 0x0000000004a7e94d to 0x0000000004a7f081
Event: 36.491 Thread 0x00000000196f9000 Implicit null exception at 0x0000000004a81737 to 0x0000000004a81e31

Events (10 events):
Event: 36.697 loading class com/android/ide/common/blame/MergingLogRewriter
Event: 36.697 loading class com/android/ide/common/blame/MergingLogRewriter done
Event: 36.698 loading class com/android/ide/common/blame/MergingLogRewriter$1
Event: 36.698 loading class com/android/ide/common/blame/MergingLogRewriter$1 done
Event: 36.699 loading class com/android/builder/internal/aapt/AaptPackageConfig$Builder
Event: 36.699 loading class com/android/builder/internal/aapt/AaptPackageConfig$Builder done
Event: 36.701 loading class com/android/builder/internal/aapt/AaptPackageConfig
Event: 36.701 loading class com/android/builder/internal/aapt/AaptPackageConfig done
Event: 36.702 loading class com/android/ide/common/process/ProcessInfoBuilder
Event: 36.702 loading class com/android/ide/common/process/ProcessInfoBuilder done


Dynamic libraries:
0x00007ff7a5e40000 - 0x00007ff7a5e71000 	C:\Program Files\Android\Android Studio\jre\bin\java.exe
0x00007ff9177a0000 - 0x00007ff91797b000 	C:\WINDOWS\SYSTEM32\ntdll.dll
0x00007ff917110000 - 0x00007ff9171be000 	C:\WINDOWS\System32\KERNEL32.DLL
0x00007ff9146f0000 - 0x00007ff914939000 	C:\WINDOWS\System32\KERNELBASE.dll
0x00007ff916f50000 - 0x00007ff916ff1000 	C:\WINDOWS\System32\ADVAPI32.dll
0x00007ff9175d0000 - 0x00007ff91766d000 	C:\WINDOWS\System32\msvcrt.dll
0x00007ff917570000 - 0x00007ff9175c9000 	C:\WINDOWS\System32\sechost.dll
0x00007ff917670000 - 0x00007ff917795000 	C:\WINDOWS\System32\RPCRT4.dll
0x00007ff916ca0000 - 0x00007ff916dea000 	C:\WINDOWS\System32\USER32.dll
0x00007ff914c90000 - 0x00007ff914cae000 	C:\WINDOWS\System32\win32u.dll
0x00007ff917310000 - 0x00007ff917337000 	C:\WINDOWS\System32\GDI32.dll
0x00007ff913cc0000 - 0x00007ff913e47000 	C:\WINDOWS\System32\gdi32full.dll
0x00007ff913e50000 - 0x00007ff913eea000 	C:\WINDOWS\System32\msvcp_win.dll
0x00007ff913ef0000 - 0x00007ff913fe6000 	C:\WINDOWS\System32\ucrtbase.dll
0x00007ff904520000 - 0x00007ff904787000 	C:\WINDOWS\WinSxS\amd64_microsoft.windows.common-controls_6595b64144ccf1df_6.0.15063.483_none_26002d27e7c744a2\COMCTL32.dll
0x00007ff916290000 - 0x00007ff916589000 	C:\WINDOWS\System32\combase.dll
0x00007ff914940000 - 0x00007ff9149aa000 	C:\WINDOWS\System32\bcryptPrimitives.dll
0x00007ff916ad0000 - 0x00007ff916afd000 	C:\WINDOWS\System32\IMM32.DLL
0x00000000715a0000 - 0x0000000071672000 	C:\Program Files\Android\Android Studio\jre\jre\bin\msvcr100.dll
0x0000000071760000 - 0x0000000071f9c000 	C:\Program Files\Android\Android Studio\jre\jre\bin\server\jvm.dll
0x00007ff916280000 - 0x00007ff916288000 	C:\WINDOWS\System32\PSAPI.DLL
0x00007ff90a930000 - 0x00007ff90a953000 	C:\WINDOWS\SYSTEM32\WINMM.dll
0x00007ff9120e0000 - 0x00007ff9120ea000 	C:\WINDOWS\SYSTEM32\VERSION.dll
0x00007ff904360000 - 0x00007ff904369000 	C:\WINDOWS\SYSTEM32\WSOCK32.dll
0x00007ff9169f0000 - 0x00007ff916a5c000 	C:\WINDOWS\System32\WS2_32.dll
0x00007ff90a900000 - 0x00007ff90a92b000 	C:\WINDOWS\SYSTEM32\WINMMBASE.dll
0x00007ff914cb0000 - 0x00007ff914cf9000 	C:\WINDOWS\System32\cfgmgr32.dll
0x00007ff901a80000 - 0x00007ff901a8f000 	C:\Program Files\Android\Android Studio\jre\jre\bin\verify.dll
0x00007ff8f3ff0000 - 0x00007ff8f4019000 	C:\Program Files\Android\Android Studio\jre\jre\bin\java.dll
0x00007ff8f21f0000 - 0x00007ff8f2206000 	C:\Program Files\Android\Android Studio\jre\jre\bin\zip.dll
0x00007ff914d00000 - 0x00007ff916137000 	C:\WINDOWS\System32\SHELL32.dll
0x00007ff917260000 - 0x00007ff91730a000 	C:\WINDOWS\System32\shcore.dll
0x00007ff913ff0000 - 0x00007ff9146e1000 	C:\WINDOWS\System32\windows.storage.dll
0x00007ff916140000 - 0x00007ff916191000 	C:\WINDOWS\System32\shlwapi.dll
0x00007ff913c80000 - 0x00007ff913c91000 	C:\WINDOWS\System32\kernel.appcore.dll
0x00007ff913c10000 - 0x00007ff913c5c000 	C:\WINDOWS\System32\powrprof.dll
0x00007ff913c60000 - 0x00007ff913c75000 	C:\WINDOWS\System32\profapi.dll
0x00007ff8f20e0000 - 0x00007ff8f20fa000 	C:\Program Files\Android\Android Studio\jre\jre\bin\net.dll
0x00007ff913190000 - 0x00007ff9131ec000 	C:\WINDOWS\system32\mswsock.dll
0x00007ff8f20c0000 - 0x00007ff8f20d1000 	C:\Program Files\Android\Android Studio\jre\jre\bin\nio.dll
0x00007ff8f40c0000 - 0x00007ff8f40de000 	C:\Users\mrksa\.gradle\native\23\windows-amd64\native-platform.dll
0x00007ff9135c0000 - 0x00007ff9135d7000 	C:\WINDOWS\SYSTEM32\CRYPTSP.dll
0x00007ff912db0000 - 0x00007ff912de4000 	C:\WINDOWS\system32\rsaenh.dll
0x00007ff913b40000 - 0x00007ff913b65000 	C:\WINDOWS\SYSTEM32\bcrypt.dll
0x00007ff913b10000 - 0x00007ff913b39000 	C:\WINDOWS\SYSTEM32\USERENV.dll
0x00007ff913330000 - 0x00007ff91333b000 	C:\WINDOWS\SYSTEM32\CRYPTBASE.dll
0x00007ff912f30000 - 0x00007ff912f67000 	C:\WINDOWS\SYSTEM32\IPHLPAPI.DLL
0x00007ff916a60000 - 0x00007ff916a68000 	C:\WINDOWS\System32\NSI.dll
0x00007ff90c230000 - 0x00007ff90c246000 	C:\WINDOWS\SYSTEM32\dhcpcsvc6.DLL
0x00007ff90c0f0000 - 0x00007ff90c10a000 	C:\WINDOWS\SYSTEM32\dhcpcsvc.DLL
0x00007ff901f30000 - 0x00007ff901f3d000 	C:\Program Files\Android\Android Studio\jre\jre\bin\management.dll
0x00007ff8eb4c0000 - 0x00007ff8eb4e4000 	C:\Program Files\Android\Android Studio\jre\jre\bin\sunec.dll
0x00007ff912f70000 - 0x00007ff913014000 	C:\WINDOWS\SYSTEM32\DNSAPI.dll
0x00007ff909530000 - 0x00007ff90953a000 	C:\Windows\System32\rasadhlp.dll
0x00007ff90b680000 - 0x00007ff90b6eb000 	C:\WINDOWS\System32\fwpuclnt.dll
0x00007ff8f8820000 - 0x00007ff8f882b000 	C:\Program Files\Android\Android Studio\jre\jre\bin\sunmscapi.dll
0x00007ff9149b0000 - 0x00007ff914b79000 	C:\WINDOWS\System32\CRYPT32.dll
0x00007ff913ca0000 - 0x00007ff913cb1000 	C:\WINDOWS\System32\MSASN1.dll

VM Arguments:
jvm_args: -Xmx1536m -Dfile.encoding=windows-1252 -Duser.country=US -Duser.language=en -Duser.variant 
java_command: org.gradle.launcher.daemon.bootstrap.GradleDaemon 3.3
java_class_path (initial): C:\Users\mrksa\.gradle\wrapper\dists\gradle-3.3-all\55gk2rcmfc6p2dg9u9ohc3hw9\gradle-3.3\lib\gradle-launcher-3.3.jar
Launcher Type: SUN_STANDARD

Environment Variables:
CLASSPATH=C:\Program Files\Java\jre1.8.0_121\bin;C:\Program Files\Java\jdk1.8.0_121\bin;.
PATH=C:\ProgramData\Oracle\Java\javapath;C:\WINDOWS\system32;C:\WINDOWS;C:\WINDOWS\System32\Wbem;C:\WINDOWS\System32\WindowsPowerShell\v1.0\;C:\WINDOWS\system32\config\systemprofile\.dnx\bin;C:\Program Files\Microsoft DNX\Dnvm\;C:\Program Files\Microsoft SQL Server\130\Tools\Binn\;C:\Program Files (x86)\Microsoft SQL Server\110\DTS\Binn\;C:\Program Files (x86)\Microsoft SQL Server\120\DTS\Binn\;C:\Program Files (x86)\Microsoft Visual Studio 14.0\Common7\IDE;C:\Program Files\Java\jdk1.8.0_121\bin;C:\Program Files\Java\jre1.8.0_121\bin;C:\Program Files\Intel\WiFi\bin\;C:\Program Files\Common Files\Intel\WirelessCommon\;C:\Program Files (x86)\GtkSharp\2.12\bin;C:\Program Files (x86)\Windows Kits\8.1\Windows Performance Toolkit\;C:\Program Files\Python35\Scripts;C:\Program Files\Python35;C:\Program Files\Git\cmd;C:\Program Files (x86)\Skype\Phone\;C:\xampp\php;C:\ProgramData\ComposerSetup\bin;C:\xampp\php;C:\xampp\mysql\bin;C:\Users\mrksa\AppData\Roaming\Composer\vendor\bin;C:\Users\mrksa\AppData\Local\atom\bin
USERNAME=mrksa
OS=Windows_NT
PROCESSOR_IDENTIFIER=Intel64 Family 6 Model 78 Stepping 3, GenuineIntel



---------------  S Y S T E M  ---------------

OS: Windows 10.0 , 64 bit Build 15063 (10.0.15063.296)

CPU:total 4 (2 cores per cpu, 2 threads per core) family 6 model 78 stepping 3, cmov, cx8, fxsr, mmx, sse, sse2, sse3, ssse3, sse4.1, sse4.2, popcnt, avx, avx2, aes, clmul, erms, 3dnowpref, lzcnt, ht, tsc, tscinvbit, bmi1, bmi2, adx

Memory: 4k page, physical 8204552k(599604k free), swap 15572696k(504k free)

vm_info: OpenJDK 64-Bit Server VM (25.112-b06) for windows-amd64 JRE (1.8.0_112-release-b06), built on Dec  8 2016 00:54:26 by "builder" with MS VC++ 10.0 (VS2010)

time: Wed Dec 06 15:30:14 2017
elapsed time: 36 seconds (0d 0h 0m 36s)

