#
# There is insufficient memory for the Java Runtime Environment to continue.
# Native memory allocation (malloc) failed to allocate 1445936 bytes for Chunk::new
# Possible reasons:
#   The system is out of physical RAM or swap space
#   In 32 bit mode, the process size limit was hit
# Possible solutions:
#   Reduce memory load on the system
#   Increase physical memory or swap space
#   Check if swap backing store is full
#   Use 64 bit Java on a 64 bit OS
#   Decrease Java heap size (-Xmx/-Xms)
#   Decrease number of Java threads
#   Decrease Java thread stack sizes (-Xss)
#   Set larger code cache with -XX:ReservedCodeCacheSize=
# This output file may be truncated or incomplete.
#
#  Out of Memory Error (allocation.cpp:390), pid=2720, tid=0x00000000000055cc
#
# JRE version: OpenJDK Runtime Environment (8.0_112-b06) (build 1.8.0_112-release-b06)
# Java VM: OpenJDK 64-Bit Server VM (25.112-b06 mixed mode windows-amd64 compressed oops)
# Failed to write core dump. Minidumps are not enabled by default on client versions of Windows
#

---------------  T H R E A D  ---------------

Current thread (0x0000000016c6a800):  JavaThread "C2 CompilerThread1" daemon [_thread_in_native, id=21964, stack(0x00000000184e0000,0x00000000185e0000)]

Stack: [0x00000000184e0000,0x00000000185e0000]
[error occurred during error reporting (printing stack bounds), id 0xc0000005]

Native frames: (J=compiled Java code, j=interpreted, Vv=VM code, C=native code)


Current CompileTask:
C2:   2522 1356       4       java.net.URLClassLoader$1::run (5 bytes)


---------------  P R O C E S S  ---------------

Java Threads: ( => current thread )
  0x0000000019d83800 JavaThread "Stdin handler" [_thread_blocked, id=4132, stack(0x000000001b6c0000,0x000000001b7c0000)]
  0x0000000019da8800 JavaThread "Asynchronous log dispatcher for DefaultDaemonConnection: socket connection from /127.0.0.1:60351 to /127.0.0.1:60352" [_thread_blocked, id=8844, stack(0x000000001b5c0000,0x000000001b6c0000)]
  0x000000001995d000 JavaThread "Daemon worker" [_thread_in_native, id=2164, stack(0x000000001b4c0000,0x000000001b5c0000)]
  0x0000000019daa800 JavaThread "Cancel handler" [_thread_blocked, id=23656, stack(0x000000001b3c0000,0x000000001b4c0000)]
  0x0000000019daa000 JavaThread "pool-1-thread-1" [_thread_blocked, id=22244, stack(0x000000001b2c0000,0x000000001b3c0000)]
  0x000000001a39b000 JavaThread "Handler for socket connection from /127.0.0.1:60351 to /127.0.0.1:60352" [_thread_in_native, id=12276, stack(0x000000001b1c0000,0x000000001b2c0000)]
  0x000000001a39a000 JavaThread "Daemon" [_thread_blocked, id=25340, stack(0x000000001b0c0000,0x000000001b1c0000)]
  0x00000000198a9800 JavaThread "Incoming local TCP Connector on port 60351" [_thread_in_native, id=22628, stack(0x000000001a4b0000,0x000000001a5b0000)]
  0x0000000018708800 JavaThread "Service Thread" daemon [_thread_blocked, id=20988, stack(0x0000000018ae0000,0x0000000018be0000)]
  0x0000000016c71800 JavaThread "C1 CompilerThread2" daemon [_thread_blocked, id=27588, stack(0x00000000185e0000,0x00000000186e0000)]
=>0x0000000016c6a800 JavaThread "C2 CompilerThread1" daemon [_thread_in_native, id=21964, stack(0x00000000184e0000,0x00000000185e0000)]
  0x0000000016c7a000 JavaThread "C2 CompilerThread0" daemon [_thread_in_native, id=14048, stack(0x00000000183e0000,0x00000000184e0000)]
  0x0000000016c77000 JavaThread "Attach Listener" daemon [_thread_blocked, id=21332, stack(0x00000000182e0000,0x00000000183e0000)]
  0x0000000016c76000 JavaThread "Signal Dispatcher" daemon [_thread_blocked, id=25164, stack(0x00000000181e0000,0x00000000182e0000)]
  0x000000000325d000 JavaThread "Finalizer" daemon [_thread_blocked, id=21580, stack(0x0000000017ef0000,0x0000000017ff0000)]
  0x0000000003252000 JavaThread "Reference Handler" daemon [_thread_blocked, id=24672, stack(0x0000000017df0000,0x0000000017ef0000)]
  0x0000000003160800 JavaThread "main" [_thread_blocked, id=27396, stack(0x0000000001850000,0x0000000001950000)]

Other Threads:
  0x0000000016c35800 VMThread [stack: 0x0000000017cf0000,0x0000000017df0000] [id=23924]
  0x0000000018709000 WatcherThread [stack: 0x0000000018be0000,0x0000000018ce0000] [id=16152]

VM state:not at safepoint (normal execution)

VM Mutex/Monitor currently owned by a thread: None

Heap:
 PSYoungGen      total 37888K, used 37464K [0x00000000e0000000, 0x00000000e2a00000, 0x0000000100000000)
  eden space 32768K, 98% used [0x00000000e0000000,0x00000000e1f99c68,0x00000000e2000000)
  from space 5120K, 99% used [0x00000000e2500000,0x00000000e29fc588,0x00000000e2a00000)
  to   space 5120K, 0% used [0x00000000e2000000,0x00000000e2000000,0x00000000e2500000)
 ParOldGen       total 86016K, used 742K [0x00000000a0000000, 0x00000000a5400000, 0x00000000e0000000)
  object space 86016K, 0% used [0x00000000a0000000,0x00000000a00b98c0,0x00000000a5400000)
 Metaspace       used 16380K, capacity 16704K, committed 17024K, reserved 1064960K
  class space    used 2272K, capacity 2381K, committed 2432K, reserved 1048576K

Card table byte_map: [0x00000000126c0000,0x00000000129d0000] byte_map_base: 0x00000000121c0000

Marking Bits: (ParMarkBitMap*) 0x0000000071f218f0
 Begin Bits: [0x0000000012fd0000, 0x00000000147d0000)
 End Bits:   [0x00000000147d0000, 0x0000000015fd0000)

Polling page: 0x0000000001960000

CodeCache: size=245760Kb used=4961Kb max_used=4961Kb free=240798Kb
 bounds [0x0000000003300000, 0x00000000037e0000, 0x0000000012300000]
 total_blobs=1833 nmethods=1443 adapters=303
 compilation: enabled

Compilation events (10 events):
Event: 2.501 Thread 0x0000000016c71800 1443       3       java.util.regex.Pattern$Ctype::isSatisfiedBy (24 bytes)
Event: 2.502 Thread 0x0000000016c71800 nmethod 1443 0x00000000037d9610 code [0x00000000037d9780, 0x00000000037d9b10]
Event: 2.502 Thread 0x0000000016c71800 1444       3       java.util.regex.Pattern$5::isSatisfiedBy (28 bytes)
Event: 2.502 Thread 0x0000000016c71800 nmethod 1444 0x00000000037d9c90 code [0x00000000037d9e20, 0x00000000037da1b8]
Event: 2.513 Thread 0x0000000016c71800 1446       3       org.gradle.internal.logging.events.CategorisedOutputEvent::<init> (21 bytes)
Event: 2.514 Thread 0x0000000016c71800 nmethod 1446 0x00000000037da2d0 code [0x00000000037da440, 0x00000000037da670]
Event: 2.518 Thread 0x0000000016c71800 1447       1       java.nio.Buffer::remaining (10 bytes)
Event: 2.518 Thread 0x0000000016c71800 nmethod 1447 0x00000000037da790 code [0x00000000037da8e0, 0x00000000037da9f0]
Event: 2.519 Thread 0x0000000016c71800 1448       3       java.util.regex.Pattern$BitClass::isSatisfiedBy (22 bytes)
Event: 2.519 Thread 0x0000000016c71800 nmethod 1448 0x00000000037daa50 code [0x00000000037dabc0, 0x00000000037dadd0]

GC Heap History (4 events):
Event: 0.734 GC heap before
{Heap before GC invocations=1 (full 0):
 PSYoungGen      total 37888K, used 32532K [0x00000000e0000000, 0x00000000e2a00000, 0x0000000100000000)
  eden space 32768K, 99% used [0x00000000e0000000,0x00000000e1fc5108,0x00000000e2000000)
  from space 5120K, 0% used [0x00000000e2500000,0x00000000e2500000,0x00000000e2a00000)
  to   space 5120K, 0% used [0x00000000e2000000,0x00000000e2000000,0x00000000e2500000)
 ParOldGen       total 86016K, used 0K [0x00000000a0000000, 0x00000000a5400000, 0x00000000e0000000)
  object space 86016K, 0% used [0x00000000a0000000,0x00000000a0000000,0x00000000a5400000)
 Metaspace       used 6767K, capacity 6888K, committed 7040K, reserved 1056768K
  class space    used 832K, capacity 888K, committed 896K, reserved 1048576K
Event: 0.740 GC heap after
Heap after GC invocations=1 (full 0):
 PSYoungGen      total 37888K, used 4391K [0x00000000e0000000, 0x00000000e2a00000, 0x0000000100000000)
  eden space 32768K, 0% used [0x00000000e0000000,0x00000000e0000000,0x00000000e2000000)
  from space 5120K, 85% used [0x00000000e2000000,0x00000000e2449c30,0x00000000e2500000)
  to   space 5120K, 0% used [0x00000000e2500000,0x00000000e2500000,0x00000000e2a00000)
 ParOldGen       total 86016K, used 8K [0x00000000a0000000, 0x00000000a5400000, 0x00000000e0000000)
  object space 86016K, 0% used [0x00000000a0000000,0x00000000a0002000,0x00000000a5400000)
 Metaspace       used 6767K, capacity 6888K, committed 7040K, reserved 1056768K
  class space    used 832K, capacity 888K, committed 896K, reserved 1048576K
}
Event: 1.983 GC heap before
{Heap before GC invocations=2 (full 0):
 PSYoungGen      total 37888K, used 37159K [0x00000000e0000000, 0x00000000e2a00000, 0x0000000100000000)
  eden space 32768K, 100% used [0x00000000e0000000,0x00000000e2000000,0x00000000e2000000)
  from space 5120K, 85% used [0x00000000e2000000,0x00000000e2449c30,0x00000000e2500000)
  to   space 5120K, 0% used [0x00000000e2500000,0x00000000e2500000,0x00000000e2a00000)
 ParOldGen       total 86016K, used 8K [0x00000000a0000000, 0x00000000a5400000, 0x00000000e0000000)
  object space 86016K, 0% used [0x00000000a0000000,0x00000000a0002000,0x00000000a5400000)
 Metaspace       used 12947K, capacity 13256K, committed 13440K, reserved 1060864K
  class space    used 1718K, capacity 1833K, committed 1920K, reserved 1048576K
Event: 1.992 GC heap after
Heap after GC invocations=2 (full 0):
 PSYoungGen      total 37888K, used 5105K [0x00000000e0000000, 0x00000000e2a00000, 0x0000000100000000)
  eden space 32768K, 0% used [0x00000000e0000000,0x00000000e0000000,0x00000000e2000000)
  from space 5120K, 99% used [0x00000000e2500000,0x00000000e29fc588,0x00000000e2a00000)
  to   space 5120K, 0% used [0x00000000e2000000,0x00000000e2000000,0x00000000e2500000)
 ParOldGen       total 86016K, used 742K [0x00000000a0000000, 0x00000000a5400000, 0x00000000e0000000)
  object space 86016K, 0% used [0x00000000a0000000,0x00000000a00b98c0,0x00000000a5400000)
 Metaspace       used 12947K, capacity 13256K, committed 13440K, reserved 1060864K
  class space    used 1718K, capacity 1833K, committed 1920K, reserved 1048576K
}

Deoptimization events (10 events):
Event: 1.937 Thread 0x000000001995d000 Uncommon trap: reason=bimorphic action=maybe_recompile pc=0x00000000037146c0 method=java.util.HashMap.putVal(ILjava/lang/Object;Ljava/lang/Object;ZZ)Ljava/lang/Object; @ 253
Event: 1.938 Thread 0x000000001995d000 Uncommon trap: reason=bimorphic action=maybe_recompile pc=0x00000000037146c0 method=java.util.HashMap.putVal(ILjava/lang/Object;Ljava/lang/Object;ZZ)Ljava/lang/Object; @ 253
Event: 1.938 Thread 0x000000001995d000 Uncommon trap: reason=bimorphic action=maybe_recompile pc=0x00000000037146c0 method=java.util.HashMap.putVal(ILjava/lang/Object;Ljava/lang/Object;ZZ)Ljava/lang/Object; @ 253
Event: 1.938 Thread 0x000000001995d000 Uncommon trap: reason=bimorphic action=maybe_recompile pc=0x00000000037146c0 method=java.util.HashMap.putVal(ILjava/lang/Object;Ljava/lang/Object;ZZ)Ljava/lang/Object; @ 253
Event: 2.141 Thread 0x000000001995d000 Uncommon trap: reason=class_check action=maybe_recompile pc=0x000000000356795c method=java.util.regex.Matcher.match(II)Z @ 86
Event: 2.142 Thread 0x000000001995d000 Uncommon trap: reason=class_check action=maybe_recompile pc=0x000000000356795c method=java.util.regex.Matcher.match(II)Z @ 86
Event: 2.345 Thread 0x000000001995d000 Uncommon trap: reason=unstable_if action=reinterpret pc=0x0000000003453688 method=java.net.URI.match(CJJ)Z @ 19
Event: 2.345 Thread 0x000000001995d000 Uncommon trap: reason=unstable_if action=reinterpret pc=0x0000000003590740 method=java.net.URI.match(CJJ)Z @ 19
Event: 2.488 Thread 0x000000001995d000 Uncommon trap: reason=unstable_if action=reinterpret pc=0x00000000035c2564 method=java.lang.AbstractStringBuilder.append(Ljava/lang/String;)Ljava/lang/AbstractStringBuilder; @ 1
Event: 2.488 Thread 0x000000001995d000 Uncommon trap: reason=unstable_if action=reinterpret pc=0x0000000003526010 method=java.lang.AbstractStringBuilder.append(Ljava/lang/String;)Ljava/lang/AbstractStringBuilder; @ 1

Internal exceptions (10 events):
Event: 1.927 Thread 0x000000001995d000 Exception <a 'java/lang/NoSuchMethodError': <clinit>> (0x00000000e1bbd420) thrown at [C:\src\android\AOSP-openjdk\external\jetbrains\jdk\hotspot\src\share\vm\prims\jni.cpp, line 1613]
Event: 1.928 Thread 0x000000001995d000 Exception <a 'java/lang/NoSuchMethodError': <clinit>> (0x00000000e1bc56a8) thrown at [C:\src\android\AOSP-openjdk\external\jetbrains\jdk\hotspot\src\share\vm\prims\jni.cpp, line 1613]
Event: 1.963 Thread 0x000000001995d000 Exception <a 'java/lang/ArrayIndexOutOfBoundsException'> (0x00000000e1e138d0) thrown at [C:\src\android\AOSP-openjdk\external\jetbrains\jdk\hotspot\src\share\vm\runtime\sharedRuntime.cpp, line 605]
Event: 1.976 Thread 0x000000001995d000 Exception <a 'java/lang/ArrayIndexOutOfBoundsException'> (0x00000000e1ee4910) thrown at [C:\src\android\AOSP-openjdk\external\jetbrains\jdk\hotspot\src\share\vm\runtime\sharedRuntime.cpp, line 605]
Event: 2.400 Thread 0x000000001995d000 Exception <a 'java/lang/NoSuchMethodError': <clinit>> (0x00000000e1bf0738) thrown at [C:\src\android\AOSP-openjdk\external\jetbrains\jdk\hotspot\src\share\vm\prims\jni.cpp, line 1613]
Event: 2.400 Thread 0x000000001995d000 Exception <a 'java/lang/NoSuchMethodError': <clinit>> (0x00000000e1bf2f08) thrown at [C:\src\android\AOSP-openjdk\external\jetbrains\jdk\hotspot\src\share\vm\prims\jni.cpp, line 1613]
Event: 2.401 Thread 0x000000001995d000 Exception <a 'java/lang/NoSuchMethodError': <clinit>> (0x00000000e1bff1e8) thrown at [C:\src\android\AOSP-openjdk\external\jetbrains\jdk\hotspot\src\share\vm\prims\jni.cpp, line 1613]
Event: 2.403 Thread 0x000000001995d000 Exception <a 'java/lang/NoSuchMethodError': <clinit>> (0x00000000e1c09888) thrown at [C:\src\android\AOSP-openjdk\external\jetbrains\jdk\hotspot\src\share\vm\prims\jni.cpp, line 1613]
Event: 2.488 Thread 0x000000001995d000 Implicit null exception at 0x00000000035c2194 to 0x00000000035c254d
Event: 2.488 Thread 0x000000001995d000 Implicit null exception at 0x0000000003525c56 to 0x0000000003525ff9

Events (10 events):
Event: 2.499 loading class org/gradle/groovy/scripts/internal/FileCacheBackedScriptClassCompiler$BuildScriptRemapper
Event: 2.499 loading class org/gradle/groovy/scripts/internal/FileCacheBackedScriptClassCompiler$BuildScriptRemapper done
Event: 2.500 loading class org/objectweb/asm/Opcodes
Event: 2.500 loading class org/objectweb/asm/Opcodes done
Event: 2.509 loading class org/gradle/cache/internal/DefaultPersistentDirectoryCache$Initializer
Event: 2.509 loading class org/gradle/cache/internal/DefaultPersistentDirectoryCache$Initializer done
Event: 2.512 loading class org/gradle/cache/internal/FixedSharedModeCrossProcessCacheAccess$1
Event: 2.512 loading class org/gradle/cache/internal/FixedSharedModeCrossProcessCacheAccess$1 done
Event: 2.514 loading class org/gradle/groovy/scripts/internal/FileCacheBackedScriptClassCompiler$CompileToCrossBuildCacheAction
Event: 2.514 loading class org/gradle/groovy/scripts/internal/FileCacheBackedScriptClassCompiler$CompileToCrossBuildCacheAction done


Dynamic libraries:
0x00007ff7a5e40000 - 0x00007ff7a5e71000 	C:\Program Files\Android\Android Studio\jre\bin\java.exe
0x00007ff9177a0000 - 0x00007ff91797b000 	C:\WINDOWS\SYSTEM32\ntdll.dll
0x00007ff917110000 - 0x00007ff9171be000 	C:\WINDOWS\System32\KERNEL32.DLL
0x00007ff9146f0000 - 0x00007ff914939000 	C:\WINDOWS\System32\KERNELBASE.dll
0x00007ff916f50000 - 0x00007ff916ff1000 	C:\WINDOWS\System32\ADVAPI32.dll
0x00007ff9175d0000 - 0x00007ff91766d000 	C:\WINDOWS\System32\msvcrt.dll
0x00007ff917570000 - 0x00007ff9175c9000 	C:\WINDOWS\System32\sechost.dll
0x00007ff917670000 - 0x00007ff917795000 	C:\WINDOWS\System32\RPCRT4.dll
0x00007ff916ca0000 - 0x00007ff916dea000 	C:\WINDOWS\System32\USER32.dll
0x00007ff914c90000 - 0x00007ff914cae000 	C:\WINDOWS\System32\win32u.dll
0x00007ff917310000 - 0x00007ff917337000 	C:\WINDOWS\System32\GDI32.dll
0x00007ff913cc0000 - 0x00007ff913e47000 	C:\WINDOWS\System32\gdi32full.dll
0x00007ff913e50000 - 0x00007ff913eea000 	C:\WINDOWS\System32\msvcp_win.dll
0x00007ff913ef0000 - 0x00007ff913fe6000 	C:\WINDOWS\System32\ucrtbase.dll
0x00007ff904520000 - 0x00007ff904787000 	C:\WINDOWS\WinSxS\amd64_microsoft.windows.common-controls_6595b64144ccf1df_6.0.15063.483_none_26002d27e7c744a2\COMCTL32.dll
0x00007ff916290000 - 0x00007ff916589000 	C:\WINDOWS\System32\combase.dll
0x00007ff914940000 - 0x00007ff9149aa000 	C:\WINDOWS\System32\bcryptPrimitives.dll
0x00007ff916ad0000 - 0x00007ff916afd000 	C:\WINDOWS\System32\IMM32.DLL
0x00000000715a0000 - 0x0000000071672000 	C:\Program Files\Android\Android Studio\jre\jre\bin\msvcr100.dll
0x0000000071760000 - 0x0000000071f9c000 	C:\Program Files\Android\Android Studio\jre\jre\bin\server\jvm.dll
0x00007ff916280000 - 0x00007ff916288000 	C:\WINDOWS\System32\PSAPI.DLL
0x00007ff90a930000 - 0x00007ff90a953000 	C:\WINDOWS\SYSTEM32\WINMM.dll
0x00007ff904360000 - 0x00007ff904369000 	C:\WINDOWS\SYSTEM32\WSOCK32.dll
0x00007ff9120e0000 - 0x00007ff9120ea000 	C:\WINDOWS\SYSTEM32\VERSION.dll
0x00007ff9169f0000 - 0x00007ff916a5c000 	C:\WINDOWS\System32\WS2_32.dll
0x00007ff90a900000 - 0x00007ff90a92b000 	C:\WINDOWS\SYSTEM32\WINMMBASE.dll
0x00007ff914cb0000 - 0x00007ff914cf9000 	C:\WINDOWS\System32\cfgmgr32.dll
0x00007ff901a80000 - 0x00007ff901a8f000 	C:\Program Files\Android\Android Studio\jre\jre\bin\verify.dll
0x00007ff8f3ff0000 - 0x00007ff8f4019000 	C:\Program Files\Android\Android Studio\jre\jre\bin\java.dll
0x00007ff8f21f0000 - 0x00007ff8f2206000 	C:\Program Files\Android\Android Studio\jre\jre\bin\zip.dll
0x00007ff914d00000 - 0x00007ff916137000 	C:\WINDOWS\System32\SHELL32.dll
0x00007ff917260000 - 0x00007ff91730a000 	C:\WINDOWS\System32\shcore.dll
0x00007ff913ff0000 - 0x00007ff9146e1000 	C:\WINDOWS\System32\windows.storage.dll
0x00007ff916140000 - 0x00007ff916191000 	C:\WINDOWS\System32\shlwapi.dll
0x00007ff913c80000 - 0x00007ff913c91000 	C:\WINDOWS\System32\kernel.appcore.dll
0x00007ff913c10000 - 0x00007ff913c5c000 	C:\WINDOWS\System32\powrprof.dll
0x00007ff913c60000 - 0x00007ff913c75000 	C:\WINDOWS\System32\profapi.dll
0x00007ff8f20e0000 - 0x00007ff8f20fa000 	C:\Program Files\Android\Android Studio\jre\jre\bin\net.dll
0x00007ff913190000 - 0x00007ff9131ec000 	C:\WINDOWS\system32\mswsock.dll
0x00007ff8f20c0000 - 0x00007ff8f20d1000 	C:\Program Files\Android\Android Studio\jre\jre\bin\nio.dll
0x00007ff8f40c0000 - 0x00007ff8f40de000 	C:\Users\mrksa\.gradle\native\23\windows-amd64\native-platform.dll
0x00007ff9135c0000 - 0x00007ff9135d7000 	C:\WINDOWS\SYSTEM32\CRYPTSP.dll
0x00007ff912db0000 - 0x00007ff912de4000 	C:\WINDOWS\system32\rsaenh.dll
0x00007ff913b40000 - 0x00007ff913b65000 	C:\WINDOWS\SYSTEM32\bcrypt.dll
0x00007ff913b10000 - 0x00007ff913b39000 	C:\WINDOWS\SYSTEM32\USERENV.dll
0x00007ff913330000 - 0x00007ff91333b000 	C:\WINDOWS\SYSTEM32\CRYPTBASE.dll
0x00007ff912f30000 - 0x00007ff912f67000 	C:\WINDOWS\SYSTEM32\IPHLPAPI.DLL
0x00007ff916a60000 - 0x00007ff916a68000 	C:\WINDOWS\System32\NSI.dll
0x00007ff90c230000 - 0x00007ff90c246000 	C:\WINDOWS\SYSTEM32\dhcpcsvc6.DLL
0x00007ff90c0f0000 - 0x00007ff90c10a000 	C:\WINDOWS\SYSTEM32\dhcpcsvc.DLL
0x00007ff901f30000 - 0x00007ff901f3d000 	C:\Program Files\Android\Android Studio\jre\jre\bin\management.dll

VM Arguments:
jvm_args: -Xmx1536m -Dfile.encoding=windows-1252 -Duser.country=US -Duser.language=en -Duser.variant 
java_command: org.gradle.launcher.daemon.bootstrap.GradleDaemon 3.3
java_class_path (initial): C:\Users\mrksa\.gradle\wrapper\dists\gradle-3.3-all\55gk2rcmfc6p2dg9u9ohc3hw9\gradle-3.3\lib\gradle-launcher-3.3.jar
Launcher Type: SUN_STANDARD

Environment Variables:
CLASSPATH=C:\Program Files\Java\jre1.8.0_121\bin;C:\Program Files\Java\jdk1.8.0_121\bin;.
PATH=C:\ProgramData\Oracle\Java\javapath;C:\WINDOWS\system32;C:\WINDOWS;C:\WINDOWS\System32\Wbem;C:\WINDOWS\System32\WindowsPowerShell\v1.0\;C:\WINDOWS\system32\config\systemprofile\.dnx\bin;C:\Program Files\Microsoft DNX\Dnvm\;C:\Program Files\Microsoft SQL Server\130\Tools\Binn\;C:\Program Files (x86)\Microsoft SQL Server\110\DTS\Binn\;C:\Program Files (x86)\Microsoft SQL Server\120\DTS\Binn\;C:\Program Files (x86)\Microsoft Visual Studio 14.0\Common7\IDE;C:\Program Files\Java\jdk1.8.0_121\bin;C:\Program Files\Java\jre1.8.0_121\bin;C:\Program Files\Intel\WiFi\bin\;C:\Program Files\Common Files\Intel\WirelessCommon\;C:\Program Files (x86)\GtkSharp\2.12\bin;C:\Program Files (x86)\Windows Kits\8.1\Windows Performance Toolkit\;C:\Program Files\Python35\Scripts;C:\Program Files\Python35;C:\Program Files\Git\cmd;C:\Program Files (x86)\Skype\Phone\;C:\xampp\php;C:\ProgramData\ComposerSetup\bin;C:\xampp\php;C:\xampp\mysql\bin;C:\Users\mrksa\AppData\Roaming\Composer\vendor\bin;C:\Users\mrksa\AppData\Local\atom\bin
USERNAME=mrksa
OS=Windows_NT
PROCESSOR_IDENTIFIER=Intel64 Family 6 Model 78 Stepping 3, GenuineIntel



---------------  S Y S T E M  ---------------

OS: Windows 10.0 , 64 bit Build 15063 (10.0.15063.296)

CPU:total 4 (2 cores per cpu, 2 threads per core) family 6 model 78 stepping 3, cmov, cx8, fxsr, mmx, sse, sse2, sse3, ssse3, sse4.1, sse4.2, popcnt, avx, avx2, aes, clmul, erms, 3dnowpref, lzcnt, ht, tsc, tscinvbit, bmi1, bmi2, adx

Memory: 4k page, physical 8204552k(563420k free), swap 15572696k(5152k free)

vm_info: OpenJDK 64-Bit Server VM (25.112-b06) for windows-amd64 JRE (1.8.0_112-release-b06), built on Dec  8 2016 00:54:26 by "builder" with MS VC++ 10.0 (VS2010)

time: Wed Dec 06 15:24:16 2017
elapsed time: 2 seconds (0d 0h 0m 2s)

