#
# There is insufficient memory for the Java Runtime Environment to continue.
# Native memory allocation (malloc) failed to allocate 1333536 bytes for Chunk::new
# Possible reasons:
#   The system is out of physical RAM or swap space
#   In 32 bit mode, the process size limit was hit
# Possible solutions:
#   Reduce memory load on the system
#   Increase physical memory or swap space
#   Check if swap backing store is full
#   Use 64 bit Java on a 64 bit OS
#   Decrease Java heap size (-Xmx/-Xms)
#   Decrease number of Java threads
#   Decrease Java thread stack sizes (-Xss)
#   Set larger code cache with -XX:ReservedCodeCacheSize=
# This output file may be truncated or incomplete.
#
#  Out of Memory Error (allocation.cpp:390), pid=24720, tid=0x0000000000003bc4
#
# JRE version: OpenJDK Runtime Environment (8.0_112-b06) (build 1.8.0_112-release-b06)
# Java VM: OpenJDK 64-Bit Server VM (25.112-b06 mixed mode windows-amd64 compressed oops)
# Failed to write core dump. Minidumps are not enabled by default on client versions of Windows
#

---------------  T H R E A D  ---------------

Current thread (0x0000000016599800):  JavaThread "C2 CompilerThread0" daemon [_thread_in_native, id=15300, stack(0x0000000017cf0000,0x0000000017df0000)]

Stack: [0x0000000017cf0000,0x0000000017df0000]
[error occurred during error reporting (printing stack bounds), id 0xc0000005]

Native frames: (J=compiled Java code, j=interpreted, Vv=VM code, C=native code)


Current CompileTask:
C2:  10964 5753       4       java.net.URLClassLoader$1::run (5 bytes)


---------------  P R O C E S S  ---------------

Java Threads: ( => current thread )
  0x000000001cd4b000 JavaThread "File lock request listener" [_thread_in_native, id=24300, stack(0x000000001ee10000,0x000000001ef10000)]
  0x0000000019b89000 JavaThread "Stdin handler" [_thread_blocked, id=19596, stack(0x000000001bfc0000,0x000000001c0c0000)]
  0x000000001928f000 JavaThread "Asynchronous log dispatcher for DefaultDaemonConnection: socket connection from /127.0.0.1:60656 to /127.0.0.1:60657" [_thread_blocked, id=13636, stack(0x000000001bec0000,0x000000001bfc0000)]
  0x000000001928c800 JavaThread "Daemon worker" [_thread_in_native_trans, id=24088, stack(0x000000001bdc0000,0x000000001bec0000)]
  0x0000000019672800 JavaThread "Cancel handler" [_thread_blocked, id=25500, stack(0x000000001bcc0000,0x000000001bdc0000)]
  0x0000000019298800 JavaThread "pool-1-thread-1" [_thread_blocked, id=17428, stack(0x000000001bbc0000,0x000000001bcc0000)]
  0x0000000018e24800 JavaThread "Handler for socket connection from /127.0.0.1:60656 to /127.0.0.1:60657" [_thread_in_native, id=27428, stack(0x000000001bac0000,0x000000001bbc0000)]
  0x000000001961d800 JavaThread "Daemon" [_thread_blocked, id=7116, stack(0x000000001b9c0000,0x000000001bac0000)]
  0x0000000018a4e800 JavaThread "Incoming local TCP Connector on port 60656" [_thread_in_native, id=1224, stack(0x000000001ad90000,0x000000001ae90000)]
  0x00000000165ee000 JavaThread "Service Thread" daemon [_thread_blocked, id=10808, stack(0x00000000183f0000,0x00000000184f0000)]
  0x000000001658d800 JavaThread "C1 CompilerThread2" daemon [_thread_blocked, id=24948, stack(0x0000000017ef0000,0x0000000017ff0000)]
  0x0000000016589800 JavaThread "C2 CompilerThread1" daemon [_thread_blocked, id=18524, stack(0x0000000017df0000,0x0000000017ef0000)]
=>0x0000000016599800 JavaThread "C2 CompilerThread0" daemon [_thread_in_native, id=15300, stack(0x0000000017cf0000,0x0000000017df0000)]
  0x0000000016596000 JavaThread "Attach Listener" daemon [_thread_blocked, id=25432, stack(0x0000000017bf0000,0x0000000017cf0000)]
  0x0000000016594800 JavaThread "Signal Dispatcher" daemon [_thread_blocked, id=10328, stack(0x0000000017af0000,0x0000000017bf0000)]
  0x0000000002c1b000 JavaThread "Finalizer" daemon [_thread_blocked, id=25552, stack(0x0000000017800000,0x0000000017900000)]
  0x0000000002c10800 JavaThread "Reference Handler" daemon [_thread_blocked, id=13692, stack(0x0000000017700000,0x0000000017800000)]
  0x0000000002b20800 JavaThread "main" [_thread_blocked, id=18712, stack(0x0000000002970000,0x0000000002a70000)]

Other Threads:
  0x0000000016555000 VMThread [stack: 0x0000000017600000,0x0000000017700000] [id=960]
  0x0000000018016000 WatcherThread [stack: 0x00000000184f0000,0x00000000185f0000] [id=22688]

VM state:at safepoint (normal execution)

VM Mutex/Monitor currently owned by a thread:  ([mutex/lock_event])
[0x0000000002b1c510] Threads_lock - owner thread: 0x0000000016555000

Heap:
 PSYoungGen      total 134144K, used 18101K [0x00000000e0000000, 0x00000000eae00000, 0x0000000100000000)
  eden space 120832K, 3% used [0x00000000e0000000,0x00000000e04ada98,0x00000000e7600000)
  from space 13312K, 99% used [0x00000000e7600000,0x00000000e82ffcf0,0x00000000e8300000)
  to   space 16896K, 0% used [0x00000000e9d80000,0x00000000e9d80000,0x00000000eae00000)
 ParOldGen       total 108544K, used 22584K [0x00000000a0000000, 0x00000000a6a00000, 0x00000000e0000000)
  object space 108544K, 20% used [0x00000000a0000000,0x00000000a160e018,0x00000000a6a00000)
 Metaspace       used 48348K, capacity 49408K, committed 49792K, reserved 1091584K
  class space    used 6387K, capacity 6660K, committed 6784K, reserved 1048576K

Card table byte_map: [0x0000000011fe0000,0x00000000122f0000] byte_map_base: 0x0000000011ae0000

Marking Bits: (ParMarkBitMap*) 0x0000000071f218f0
 Begin Bits: [0x00000000128f0000, 0x00000000140f0000)
 End Bits:   [0x00000000140f0000, 0x00000000158f0000)

Polling page: 0x0000000000cb0000

CodeCache: size=245760Kb used=18201Kb max_used=18214Kb free=227558Kb
 bounds [0x0000000002c20000, 0x0000000003e00000, 0x0000000011c20000]
 total_blobs=6167 nmethods=5393 adapters=686
 compilation: enabled

Compilation events (10 events):
Event: 10.926 Thread 0x000000001658d800 6029       3       org.gradle.api.internal.artifacts.dependencies.DefaultExternalModuleDependency_Decorated::getName (37 bytes)
Event: 10.926 Thread 0x000000001658d800 nmethod 6029 0x0000000003df6610 code [0x0000000003df6800, 0x0000000003df7158]
Event: 10.926 Thread 0x000000001658d800 6030       3       org.gradle.api.internal.CompositeDomainObjectSet$SetIterator::hasNext (13 bytes)
Event: 10.926 Thread 0x000000001658d800 nmethod 6030 0x0000000003df7610 code [0x0000000003df7760, 0x0000000003df7910]
Event: 10.932 Thread 0x000000001658d800 6031       3       com.google.common.collect.AbstractMapEntry::<init> (5 bytes)
Event: 10.957 Thread 0x000000001658d800 nmethod 6031 0x0000000003df7990 code [0x0000000003df7ae0, 0x0000000003df7c90]
Event: 10.957 Thread 0x000000001658d800 6032       3       com.google.common.collect.ImmutableEntry::<init> (15 bytes)
Event: 10.957 Thread 0x000000001658d800 nmethod 6032 0x0000000003df7d50 code [0x0000000003df7ec0, 0x0000000003df80f0]
Event: 10.957 Thread 0x000000001658d800 6033       3       com.google.common.collect.ImmutableMapEntry::<init> (12 bytes)
Event: 10.957 Thread 0x000000001658d800 nmethod 6033 0x0000000003df81d0 code [0x0000000003df8340, 0x0000000003df8608]

GC Heap History (10 events):
Event: 5.511 GC heap before
{Heap before GC invocations=7 (full 1):
 PSYoungGen      total 70656K, used 70650K [0x00000000e0000000, 0x00000000e6e80000, 0x0000000100000000)
  eden space 65536K, 100% used [0x00000000e0000000,0x00000000e4000000,0x00000000e4000000)
  from space 5120K, 99% used [0x00000000e4000000,0x00000000e44feb28,0x00000000e4500000)
  to   space 10752K, 0% used [0x00000000e6400000,0x00000000e6400000,0x00000000e6e80000)
 ParOldGen       total 66048K, used 11843K [0x00000000a0000000, 0x00000000a4080000, 0x00000000e0000000)
  object space 66048K, 17% used [0x00000000a0000000,0x00000000a0b90ef0,0x00000000a4080000)
 Metaspace       used 29424K, capacity 29956K, committed 30336K, reserved 1075200K
  class space    used 3982K, capacity 4145K, committed 4224K, reserved 1048576K
Event: 5.519 GC heap after
Heap after GC invocations=7 (full 1):
 PSYoungGen      total 96256K, used 6247K [0x00000000e0000000, 0x00000000e6b00000, 0x0000000100000000)
  eden space 89088K, 0% used [0x00000000e0000000,0x00000000e0000000,0x00000000e5700000)
  from space 7168K, 87% used [0x00000000e6400000,0x00000000e6a19c58,0x00000000e6b00000)
  to   space 10240K, 0% used [0x00000000e5700000,0x00000000e5700000,0x00000000e6100000)
 ParOldGen       total 66048K, used 11915K [0x00000000a0000000, 0x00000000a4080000, 0x00000000e0000000)
  object space 66048K, 18% used [0x00000000a0000000,0x00000000a0ba2f00,0x00000000a4080000)
 Metaspace       used 29424K, capacity 29956K, committed 30336K, reserved 1075200K
  class space    used 3982K, capacity 4145K, committed 4224K, reserved 1048576K
}
Event: 6.470 GC heap before
{Heap before GC invocations=8 (full 1):
 PSYoungGen      total 96256K, used 78052K [0x00000000e0000000, 0x00000000e6b00000, 0x0000000100000000)
  eden space 89088K, 80% used [0x00000000e0000000,0x00000000e461f450,0x00000000e5700000)
  from space 7168K, 87% used [0x00000000e6400000,0x00000000e6a19c58,0x00000000e6b00000)
  to   space 10240K, 0% used [0x00000000e5700000,0x00000000e5700000,0x00000000e6100000)
 ParOldGen       total 66048K, used 11915K [0x00000000a0000000, 0x00000000a4080000, 0x00000000e0000000)
  object space 66048K, 18% used [0x00000000a0000000,0x00000000a0ba2f00,0x00000000a4080000)
 Metaspace       used 34731K, capacity 35306K, committed 35496K, reserved 1079296K
  class space    used 4632K, capacity 4781K, committed 4864K, reserved 1048576K
Event: 6.486 GC heap after
Heap after GC invocations=8 (full 1):
 PSYoungGen      total 99328K, used 10225K [0x00000000e0000000, 0x00000000e8f80000, 0x0000000100000000)
  eden space 89088K, 0% used [0x00000000e0000000,0x00000000e0000000,0x00000000e5700000)
  from space 10240K, 99% used [0x00000000e5700000,0x00000000e60fc708,0x00000000e6100000)
  to   space 12288K, 0% used [0x00000000e8380000,0x00000000e8380000,0x00000000e8f80000)
 ParOldGen       total 66048K, used 13259K [0x00000000a0000000, 0x00000000a4080000, 0x00000000e0000000)
  object space 66048K, 20% used [0x00000000a0000000,0x00000000a0cf2ee0,0x00000000a4080000)
 Metaspace       used 34731K, capacity 35306K, committed 35496K, reserved 1079296K
  class space    used 4632K, capacity 4781K, committed 4864K, reserved 1048576K
}
Event: 6.486 GC heap before
{Heap before GC invocations=9 (full 2):
 PSYoungGen      total 99328K, used 10225K [0x00000000e0000000, 0x00000000e8f80000, 0x0000000100000000)
  eden space 89088K, 0% used [0x00000000e0000000,0x00000000e0000000,0x00000000e5700000)
  from space 10240K, 99% used [0x00000000e5700000,0x00000000e60fc708,0x00000000e6100000)
  to   space 12288K, 0% used [0x00000000e8380000,0x00000000e8380000,0x00000000e8f80000)
 ParOldGen       total 66048K, used 13259K [0x00000000a0000000, 0x00000000a4080000, 0x00000000e0000000)
  object space 66048K, 20% used [0x00000000a0000000,0x00000000a0cf2ee0,0x00000000a4080000)
 Metaspace       used 34731K, capacity 35306K, committed 35496K, reserved 1079296K
  class space    used 4632K, capacity 4781K, committed 4864K, reserved 1048576K
Event: 6.594 GC heap after
Heap after GC invocations=9 (full 2):
 PSYoungGen      total 99328K, used 0K [0x00000000e0000000, 0x00000000e8f80000, 0x0000000100000000)
  eden space 89088K, 0% used [0x00000000e0000000,0x00000000e0000000,0x00000000e5700000)
  from space 10240K, 0% used [0x00000000e5700000,0x00000000e5700000,0x00000000e6100000)
  to   space 12288K, 0% used [0x00000000e8380000,0x00000000e8380000,0x00000000e8f80000)
 ParOldGen       total 108544K, used 17689K [0x00000000a0000000, 0x00000000a6a00000, 0x00000000e0000000)
  object space 108544K, 16% used [0x00000000a0000000,0x00000000a1146590,0x00000000a6a00000)
 Metaspace       used 34731K, capacity 35306K, committed 35496K, reserved 1079296K
  class space    used 4632K, capacity 4781K, committed 4864K, reserved 1048576K
}
Event: 7.685 GC heap before
{Heap before GC invocations=10 (full 2):
 PSYoungGen      total 99328K, used 89088K [0x00000000e0000000, 0x00000000e8f80000, 0x0000000100000000)
  eden space 89088K, 100% used [0x00000000e0000000,0x00000000e5700000,0x00000000e5700000)
  from space 10240K, 0% used [0x00000000e5700000,0x00000000e5700000,0x00000000e6100000)
  to   space 12288K, 0% used [0x00000000e8380000,0x00000000e8380000,0x00000000e8f80000)
 ParOldGen       total 108544K, used 17689K [0x00000000a0000000, 0x00000000a6a00000, 0x00000000e0000000)
  object space 108544K, 16% used [0x00000000a0000000,0x00000000a1146590,0x00000000a6a00000)
 Metaspace       used 42789K, capacity 43680K, committed 43904K, reserved 1087488K
  class space    used 5734K, capacity 5960K, committed 6016K, reserved 1048576K
Event: 7.704 GC heap after
Heap after GC invocations=10 (full 2):
 PSYoungGen      total 133120K, used 10932K [0x00000000e0000000, 0x00000000e9000000, 0x0000000100000000)
  eden space 120832K, 0% used [0x00000000e0000000,0x00000000e0000000,0x00000000e7600000)
  from space 12288K, 88% used [0x00000000e8380000,0x00000000e8e2d0c8,0x00000000e8f80000)
  to   space 13312K, 0% used [0x00000000e7600000,0x00000000e7600000,0x00000000e8300000)
 ParOldGen       total 108544K, used 17697K [0x00000000a0000000, 0x00000000a6a00000, 0x00000000e0000000)
  object space 108544K, 16% used [0x00000000a0000000,0x00000000a1148590,0x00000000a6a00000)
 Metaspace       used 42789K, capacity 43680K, committed 43904K, reserved 1087488K
  class space    used 5734K, capacity 5960K, committed 6016K, reserved 1048576K
}
Event: 10.932 GC heap before
{Heap before GC invocations=11 (full 2):
 PSYoungGen      total 133120K, used 131764K [0x00000000e0000000, 0x00000000e9000000, 0x0000000100000000)
  eden space 120832K, 100% used [0x00000000e0000000,0x00000000e7600000,0x00000000e7600000)
  from space 12288K, 88% used [0x00000000e8380000,0x00000000e8e2d0c8,0x00000000e8f80000)
  to   space 13312K, 0% used [0x00000000e7600000,0x00000000e7600000,0x00000000e8300000)
 ParOldGen       total 108544K, used 17697K [0x00000000a0000000, 0x00000000a6a00000, 0x00000000e0000000)
  object space 108544K, 16% used [0x00000000a0000000,0x00000000a1148590,0x00000000a6a00000)
 Metaspace       used 48347K, capacity 49408K, committed 49792K, reserved 1091584K
  class space    used 6387K, capacity 6660K, committed 6784K, reserved 1048576K
Event: 10.956 GC heap after
Heap after GC invocations=11 (full 2):
 PSYoungGen      total 134144K, used 13311K [0x00000000e0000000, 0x00000000eae00000, 0x0000000100000000)
  eden space 120832K, 0% used [0x00000000e0000000,0x00000000e0000000,0x00000000e7600000)
  from space 13312K, 99% used [0x00000000e7600000,0x00000000e82ffcf0,0x00000000e8300000)
  to   space 16896K, 0% used [0x00000000e9d80000,0x00000000e9d80000,0x00000000eae00000)
 ParOldGen       total 108544K, used 22584K [0x00000000a0000000, 0x00000000a6a00000, 0x00000000e0000000)
  object space 108544K, 20% used [0x00000000a0000000,0x00000000a160e018,0x00000000a6a00000)
 Metaspace       used 48347K, capacity 49408K, committed 49792K, reserved 1091584K
  class space    used 6387K, capacity 6660K, committed 6784K, reserved 1048576K
}

Deoptimization events (10 events):
Event: 8.925 Thread 0x000000001928c800 Uncommon trap: reason=bimorphic action=maybe_recompile pc=0x00000000036a3468 method=java.security.MessageDigest$Delegate.engineUpdate([BII)V @ 7
Event: 8.926 Thread 0x000000001928c800 Uncommon trap: reason=bimorphic action=maybe_recompile pc=0x00000000036a3468 method=java.security.MessageDigest$Delegate.engineUpdate([BII)V @ 7
Event: 8.926 Thread 0x000000001928c800 Uncommon trap: reason=bimorphic action=maybe_recompile pc=0x00000000036a5910 method=sun.security.provider.DigestBase.engineUpdate([BII)V @ 128
Event: 8.999 Thread 0x000000001928c800 Uncommon trap: reason=bimorphic action=maybe_recompile pc=0x00000000036a5910 method=sun.security.provider.DigestBase.engineUpdate([BII)V @ 128
Event: 9.004 Thread 0x000000001928c800 Uncommon trap: reason=bimorphic action=maybe_recompile pc=0x00000000036a5910 method=sun.security.provider.DigestBase.engineUpdate([BII)V @ 128
Event: 9.004 Thread 0x000000001928c800 Uncommon trap: reason=bimorphic action=maybe_recompile pc=0x00000000036a5910 method=sun.security.provider.DigestBase.engineUpdate([BII)V @ 128
Event: 9.086 Thread 0x000000001928c800 Uncommon trap: reason=unstable_if action=reinterpret pc=0x0000000003c8ede0 method=java.util.regex.Pattern$Branch.match(Ljava/util/regex/Matcher;ILjava/lang/CharSequence;)Z @ 35
Event: 9.766 Thread 0x000000001928c800 Uncommon trap: reason=unstable_if action=reinterpret pc=0x0000000003a4ff48 method=java.util.HashMap$HashIterator.<init>(Ljava/util/HashMap;)V @ 45
Event: 10.067 Thread 0x000000001928c800 Uncommon trap: reason=predicate action=maybe_recompile pc=0x0000000003d511f0 method=java.util.regex.Pattern$SliceI.match(Ljava/util/regex/Matcher;ILjava/lang/CharSequence;)Z @ 21
Event: 10.766 Thread 0x000000001928f000 Uncommon trap: reason=unstable_if action=reinterpret pc=0x0000000003d8d394 method=com.esotericsoftware.kryo.io.Output.writeString(Ljava/lang/CharSequence;)V @ 20

Internal exceptions (10 events):
Event: 7.964 Thread 0x000000001928c800 Exception <a 'sun/nio/fs/WindowsException'> (0x00000000e19e37c8) thrown at [C:\src\android\AOSP-openjdk\external\jetbrains\jdk\hotspot\src\share\vm\prims\jni.cpp, line 709]
Event: 7.965 Thread 0x000000001928c800 Exception <a 'sun/nio/fs/WindowsException'> (0x00000000e19e6b18) thrown at [C:\src\android\AOSP-openjdk\external\jetbrains\jdk\hotspot\src\share\vm\prims\jni.cpp, line 709]
Event: 7.965 Thread 0x000000001928c800 Exception <a 'sun/nio/fs/WindowsException'> (0x00000000e19e79c0) thrown at [C:\src\android\AOSP-openjdk\external\jetbrains\jdk\hotspot\src\share\vm\prims\jni.cpp, line 709]
Event: 7.965 Thread 0x000000001928c800 Exception <a 'sun/nio/fs/WindowsException'> (0x00000000e19e98a8) thrown at [C:\src\android\AOSP-openjdk\external\jetbrains\jdk\hotspot\src\share\vm\prims\jni.cpp, line 709]
Event: 7.965 Thread 0x000000001928c800 Exception <a 'sun/nio/fs/WindowsException'> (0x00000000e19ea788) thrown at [C:\src\android\AOSP-openjdk\external\jetbrains\jdk\hotspot\src\share\vm\prims\jni.cpp, line 709]
Event: 8.174 Thread 0x000000001928c800 Exception <a 'java/lang/NoSuchMethodError': java.lang.Object.lambda$comparing$77a9974f$1(Ljava/util/function/Function;Ljava/lang/Object;Ljava/lang/Object;)I> (0x00000000e3516858) thrown at [C:\src\android\AOSP-openjdk\external\jetbrains\jdk\hotspot\src\shaº+µ•Y @
Event: 8.175 Thread 0x000000001928c800 Exception <a 'java/lang/NoSuchMethodError': java.lang.Object.lambda$thenComparing$36697e65$1(Ljava/util/Comparator;Ljava/lang/Object;Ljava/lang/Object;)I> (0x00000000e3521f18) thrown at [C:\src\android\AOSP-openjdk\external\jetbrains\jdk\hotspot\src\share\!µá²æb @
Event: 8.193 Thread 0x000000001928c800 Exception <a 'java/lang/NoSuchMethodError': java.lang.Object.lambda$maxBy$1(Ljava/util/Comparator;Ljava/lang/Object;Ljava/lang/Object;)Ljava/lang/Object;> (0x00000000e364c270) thrown at [C:\src\android\AOSP-openjdk\external\jetbrains\jdk\hotspot\src\share\,²2‡n @
Event: 8.216 Thread 0x000000001928c800 Exception <a 'sun/nio/fs/WindowsException'> (0x00000000e3741758) thrown at [C:\src\android\AOSP-openjdk\external\jetbrains\jdk\hotspot\src\share\vm\prims\jni.cpp, line 709]
Event: 8.608 Thread 0x000000001928c800 Implicit null exception at 0x00000000034adce8 to 0x00000000034b00f1

Events (10 events):
Event: 10.958 Executing VM operation: RevokeBias done
Event: 10.958 Executing VM operation: RevokeBias
Event: 10.958 Executing VM operation: RevokeBias done
Event: 10.958 Executing VM operation: RevokeBias
Event: 10.958 Executing VM operation: RevokeBias done
Event: 10.958 Executing VM operation: RevokeBias
Event: 10.958 Executing VM operation: RevokeBias done
Event: 10.958 Executing VM operation: RevokeBias
Event: 10.958 Executing VM operation: RevokeBias done
Event: 10.958 Executing VM operation: RevokeBias


Dynamic libraries:
0x00007ff7a5e40000 - 0x00007ff7a5e71000 	C:\Program Files\Android\Android Studio\jre\bin\java.exe
0x00007ff9177a0000 - 0x00007ff91797b000 	C:\WINDOWS\SYSTEM32\ntdll.dll
0x00007ff917110000 - 0x00007ff9171be000 	C:\WINDOWS\System32\KERNEL32.DLL
0x00007ff9146f0000 - 0x00007ff914939000 	C:\WINDOWS\System32\KERNELBASE.dll
0x00007ff916f50000 - 0x00007ff916ff1000 	C:\WINDOWS\System32\ADVAPI32.dll
0x00007ff9175d0000 - 0x00007ff91766d000 	C:\WINDOWS\System32\msvcrt.dll
0x00007ff917570000 - 0x00007ff9175c9000 	C:\WINDOWS\System32\sechost.dll
0x00007ff917670000 - 0x00007ff917795000 	C:\WINDOWS\System32\RPCRT4.dll
0x00007ff916ca0000 - 0x00007ff916dea000 	C:\WINDOWS\System32\USER32.dll
0x00007ff914c90000 - 0x00007ff914cae000 	C:\WINDOWS\System32\win32u.dll
0x00007ff917310000 - 0x00007ff917337000 	C:\WINDOWS\System32\GDI32.dll
0x00007ff913cc0000 - 0x00007ff913e47000 	C:\WINDOWS\System32\gdi32full.dll
0x00007ff913e50000 - 0x00007ff913eea000 	C:\WINDOWS\System32\msvcp_win.dll
0x00007ff913ef0000 - 0x00007ff913fe6000 	C:\WINDOWS\System32\ucrtbase.dll
0x00007ff904520000 - 0x00007ff904787000 	C:\WINDOWS\WinSxS\amd64_microsoft.windows.common-controls_6595b64144ccf1df_6.0.15063.483_none_26002d27e7c744a2\COMCTL32.dll
0x00007ff916290000 - 0x00007ff916589000 	C:\WINDOWS\System32\combase.dll
0x00007ff914940000 - 0x00007ff9149aa000 	C:\WINDOWS\System32\bcryptPrimitives.dll
0x00007ff916ad0000 - 0x00007ff916afd000 	C:\WINDOWS\System32\IMM32.DLL
0x00000000715a0000 - 0x0000000071672000 	C:\Program Files\Android\Android Studio\jre\jre\bin\msvcr100.dll
0x0000000071760000 - 0x0000000071f9c000 	C:\Program Files\Android\Android Studio\jre\jre\bin\server\jvm.dll
0x00007ff916280000 - 0x00007ff916288000 	C:\WINDOWS\System32\PSAPI.DLL
0x00007ff904360000 - 0x00007ff904369000 	C:\WINDOWS\SYSTEM32\WSOCK32.dll
0x00007ff90a930000 - 0x00007ff90a953000 	C:\WINDOWS\SYSTEM32\WINMM.dll
0x00007ff9169f0000 - 0x00007ff916a5c000 	C:\WINDOWS\System32\WS2_32.dll
0x00007ff9120e0000 - 0x00007ff9120ea000 	C:\WINDOWS\SYSTEM32\VERSION.dll
0x00007ff90a900000 - 0x00007ff90a92b000 	C:\WINDOWS\SYSTEM32\WINMMBASE.dll
0x00007ff914cb0000 - 0x00007ff914cf9000 	C:\WINDOWS\System32\cfgmgr32.dll
0x00007ff901a80000 - 0x00007ff901a8f000 	C:\Program Files\Android\Android Studio\jre\jre\bin\verify.dll
0x00007ff8f3ff0000 - 0x00007ff8f4019000 	C:\Program Files\Android\Android Studio\jre\jre\bin\java.dll
0x00007ff8f21f0000 - 0x00007ff8f2206000 	C:\Program Files\Android\Android Studio\jre\jre\bin\zip.dll
0x00007ff914d00000 - 0x00007ff916137000 	C:\WINDOWS\System32\SHELL32.dll
0x00007ff917260000 - 0x00007ff91730a000 	C:\WINDOWS\System32\shcore.dll
0x00007ff913ff0000 - 0x00007ff9146e1000 	C:\WINDOWS\System32\windows.storage.dll
0x00007ff916140000 - 0x00007ff916191000 	C:\WINDOWS\System32\shlwapi.dll
0x00007ff913c80000 - 0x00007ff913c91000 	C:\WINDOWS\System32\kernel.appcore.dll
0x00007ff913c10000 - 0x00007ff913c5c000 	C:\WINDOWS\System32\powrprof.dll
0x00007ff913c60000 - 0x00007ff913c75000 	C:\WINDOWS\System32\profapi.dll
0x00007ff8f20e0000 - 0x00007ff8f20fa000 	C:\Program Files\Android\Android Studio\jre\jre\bin\net.dll
0x00007ff913190000 - 0x00007ff9131ec000 	C:\WINDOWS\system32\mswsock.dll
0x00007ff8f20c0000 - 0x00007ff8f20d1000 	C:\Program Files\Android\Android Studio\jre\jre\bin\nio.dll
0x00007ff8f40c0000 - 0x00007ff8f40de000 	C:\Users\mrksa\.gradle\native\23\windows-amd64\native-platform.dll
0x00007ff9135c0000 - 0x00007ff9135d7000 	C:\WINDOWS\SYSTEM32\CRYPTSP.dll
0x00007ff912db0000 - 0x00007ff912de4000 	C:\WINDOWS\system32\rsaenh.dll
0x00007ff913b40000 - 0x00007ff913b65000 	C:\WINDOWS\SYSTEM32\bcrypt.dll
0x00007ff913b10000 - 0x00007ff913b39000 	C:\WINDOWS\SYSTEM32\USERENV.dll
0x00007ff913330000 - 0x00007ff91333b000 	C:\WINDOWS\SYSTEM32\CRYPTBASE.dll
0x00007ff912f30000 - 0x00007ff912f67000 	C:\WINDOWS\SYSTEM32\IPHLPAPI.DLL
0x00007ff916a60000 - 0x00007ff916a68000 	C:\WINDOWS\System32\NSI.dll
0x00007ff90c230000 - 0x00007ff90c246000 	C:\WINDOWS\SYSTEM32\dhcpcsvc6.DLL
0x00007ff90c0f0000 - 0x00007ff90c10a000 	C:\WINDOWS\SYSTEM32\dhcpcsvc.DLL
0x00007ff901f30000 - 0x00007ff901f3d000 	C:\Program Files\Android\Android Studio\jre\jre\bin\management.dll
0x00007ff8eb4c0000 - 0x00007ff8eb4e4000 	C:\Program Files\Android\Android Studio\jre\jre\bin\sunec.dll
0x00007ff912f70000 - 0x00007ff913014000 	C:\WINDOWS\SYSTEM32\DNSAPI.dll
0x00007ff909530000 - 0x00007ff90953a000 	C:\Windows\System32\rasadhlp.dll
0x00007ff90b680000 - 0x00007ff90b6eb000 	C:\WINDOWS\System32\fwpuclnt.dll
0x00007ff8f8820000 - 0x00007ff8f882b000 	C:\Program Files\Android\Android Studio\jre\jre\bin\sunmscapi.dll
0x00007ff9149b0000 - 0x00007ff914b79000 	C:\WINDOWS\System32\CRYPT32.dll
0x00007ff913ca0000 - 0x00007ff913cb1000 	C:\WINDOWS\System32\MSASN1.dll

VM Arguments:
jvm_args: -Xmx1536m -Dfile.encoding=windows-1252 -Duser.country=US -Duser.language=en -Duser.variant 
java_command: org.gradle.launcher.daemon.bootstrap.GradleDaemon 3.3
java_class_path (initial): C:\Users\mrksa\.gradle\wrapper\dists\gradle-3.3-all\55gk2rcmfc6p2dg9u9ohc3hw9\gradle-3.3\lib\gradle-launcher-3.3.jar
Launcher Type: SUN_STANDARD

Environment Variables:
CLASSPATH=C:\Program Files\Java\jre1.8.0_121\bin;C:\Program Files\Java\jdk1.8.0_121\bin;.
PATH=C:\ProgramData\Oracle\Java\javapath;C:\WINDOWS\system32;C:\WINDOWS;C:\WINDOWS\System32\Wbem;C:\WINDOWS\System32\WindowsPowerShell\v1.0\;C:\WINDOWS\system32\config\systemprofile\.dnx\bin;C:\Program Files\Microsoft DNX\Dnvm\;C:\Program Files\Microsoft SQL Server\130\Tools\Binn\;C:\Program Files (x86)\Microsoft SQL Server\110\DTS\Binn\;C:\Program Files (x86)\Microsoft SQL Server\120\DTS\Binn\;C:\Program Files (x86)\Microsoft Visual Studio 14.0\Common7\IDE;C:\Program Files\Java\jdk1.8.0_121\bin;C:\Program Files\Java\jre1.8.0_121\bin;C:\Program Files\Intel\WiFi\bin\;C:\Program Files\Common Files\Intel\WirelessCommon\;C:\Program Files (x86)\GtkSharp\2.12\bin;C:\Program Files (x86)\Windows Kits\8.1\Windows Performance Toolkit\;C:\Program Files\Python35\Scripts;C:\Program Files\Python35;C:\Program Files\Git\cmd;C:\Program Files (x86)\Skype\Phone\;C:\xampp\php;C:\ProgramData\ComposerSetup\bin;C:\xampp\php;C:\xampp\mysql\bin;C:\Users\mrksa\AppData\Roaming\Composer\vendor\bin;C:\Users\mrksa\AppData\Local\atom\bin
USERNAME=mrksa
OS=Windows_NT
PROCESSOR_IDENTIFIER=Intel64 Family 6 Model 78 Stepping 3, GenuineIntel



---------------  S Y S T E M  ---------------

OS: Windows 10.0 , 64 bit Build 15063 (10.0.15063.296)

CPU:total 4 (2 cores per cpu, 2 threads per core) family 6 model 78 stepping 3, cmov, cx8, fxsr, mmx, sse, sse2, sse3, ssse3, sse4.1, sse4.2, popcnt, avx, avx2, aes, clmul, erms, 3dnowpref, lzcnt, ht, tsc, tscinvbit, bmi1, bmi2, adx

Memory: 4k page, physical 8204552k(512976k free), swap 15572696k(6904k free)

vm_info: OpenJDK 64-Bit Server VM (25.112-b06) for windows-amd64 JRE (1.8.0_112-release-b06), built on Dec  8 2016 00:54:26 by "builder" with MS VC++ 10.0 (VS2010)

time: Wed Dec 06 15:32:06 2017
elapsed time: 10 seconds (0d 0h 0m 10s)

