#
# There is insufficient memory for the Java Runtime Environment to continue.
# Native memory allocation (malloc) failed to allocate 65552 bytes for Chunk::new
# Possible reasons:
#   The system is out of physical RAM or swap space
#   In 32 bit mode, the process size limit was hit
# Possible solutions:
#   Reduce memory load on the system
#   Increase physical memory or swap space
#   Check if swap backing store is full
#   Use 64 bit Java on a 64 bit OS
#   Decrease Java heap size (-Xmx/-Xms)
#   Decrease number of Java threads
#   Decrease Java thread stack sizes (-Xss)
#   Set larger code cache with -XX:ReservedCodeCacheSize=
# This output file may be truncated or incomplete.
#
#  Out of Memory Error (allocation.cpp:390), pid=15452, tid=0x0000000000001394
#
# JRE version: OpenJDK Runtime Environment (8.0_112-b06) (build 1.8.0_112-release-b06)
# Java VM: OpenJDK 64-Bit Server VM (25.112-b06 mixed mode windows-amd64 compressed oops)
# Failed to write core dump. Minidumps are not enabled by default on client versions of Windows
#

---------------  T H R E A D  ---------------

Current thread (0x000000001643a000):  JavaThread "C2 CompilerThread1" daemon [_thread_in_native, id=5012, stack(0x0000000017c90000,0x0000000017d90000)]

Stack: [0x0000000017c90000,0x0000000017d90000]
[error occurred during error reporting (printing stack bounds), id 0xc0000005]

Native frames: (J=compiled Java code, j=interpreted, Vv=VM code, C=native code)


Current CompileTask:
C2:  25683 4059   !   4       com.sun.beans.TypeResolver::resolve (274 bytes)


---------------  P R O C E S S  ---------------

Java Threads: ( => current thread )
  0x000000001c94d000 JavaThread "File lock request listener" [_thread_in_native, id=16696, stack(0x000000001d300000,0x000000001d400000)]
  0x00000000195d8800 JavaThread "Stdin handler" [_thread_blocked, id=13516, stack(0x000000001ae60000,0x000000001af60000)]
  0x00000000195d6800 JavaThread "Asynchronous log dispatcher for DefaultDaemonConnection: socket connection from /127.0.0.1:59133 to /127.0.0.1:59134" [_thread_blocked, id=17324, stack(0x000000001ad60000,0x000000001ae60000)]
  0x00000000192ef000 JavaThread "Daemon worker" [_thread_in_native, id=2004, stack(0x000000001ac60000,0x000000001ad60000)]
  0x00000000192ee000 JavaThread "pool-1-thread-1" [_thread_blocked, id=14824, stack(0x000000001ab60000,0x000000001ac60000)]
  0x00000000192eb800 JavaThread "Cancel handler" [_thread_blocked, id=8652, stack(0x000000001aa60000,0x000000001ab60000)]
  0x000000001932b000 JavaThread "Handler for socket connection from /127.0.0.1:59133 to /127.0.0.1:59134" [_thread_in_native, id=9484, stack(0x000000001a960000,0x000000001aa60000)]
  0x0000000019321800 JavaThread "Daemon" [_thread_blocked, id=16704, stack(0x000000001a860000,0x000000001a960000)]
  0x000000001924b000 JavaThread "Incoming local TCP Connector on port 59133" [_thread_in_native, id=17040, stack(0x000000001a1a0000,0x000000001a2a0000)]
  0x0000000016443000 JavaThread "Service Thread" daemon [_thread_blocked, id=17308, stack(0x0000000018290000,0x0000000018390000)]
  0x000000001643d800 JavaThread "C1 CompilerThread2" daemon [_thread_blocked, id=16740, stack(0x0000000017d90000,0x0000000017e90000)]
=>0x000000001643a000 JavaThread "C2 CompilerThread1" daemon [_thread_in_native, id=5012, stack(0x0000000017c90000,0x0000000017d90000)]
  0x0000000016449800 JavaThread "C2 CompilerThread0" daemon [_thread_in_native, id=16976, stack(0x0000000017b90000,0x0000000017c90000)]
  0x0000000016446800 JavaThread "Attach Listener" daemon [_thread_blocked, id=16644, stack(0x0000000017a90000,0x0000000017b90000)]
  0x0000000016445000 JavaThread "Signal Dispatcher" daemon [_thread_blocked, id=7556, stack(0x0000000017990000,0x0000000017a90000)]
  0x0000000002a9d000 JavaThread "Finalizer" daemon [_thread_blocked, id=11200, stack(0x0000000017690000,0x0000000017790000)]
  0x0000000002a92000 JavaThread "Reference Handler" daemon [_thread_blocked, id=16888, stack(0x0000000017590000,0x0000000017690000)]
  0x00000000029a0800 JavaThread "main" [_thread_blocked, id=17368, stack(0x0000000002890000,0x0000000002990000)]

Other Threads:
  0x0000000016404800 VMThread [stack: 0x0000000017490000,0x0000000017590000] [id=17344]
  0x0000000016443800 WatcherThread [stack: 0x0000000018390000,0x0000000018490000] [id=16816]

VM state:not at safepoint (normal execution)

VM Mutex/Monitor currently owned by a thread: None

Heap:
 PSYoungGen      total 70144K, used 43263K [0x00000000e0000000, 0x00000000e4f00000, 0x0000000100000000)
  eden space 59392K, 72% used [0x00000000e0000000,0x00000000e2a3fd40,0x00000000e3a00000)
  from space 10752K, 0% used [0x00000000e3a00000,0x00000000e3a00000,0x00000000e4480000)
  to   space 9728K, 0% used [0x00000000e4500000,0x00000000e4500000,0x00000000e4e80000)
 ParOldGen       total 68096K, used 15453K [0x00000000a0000000, 0x00000000a4280000, 0x00000000e0000000)
  object space 68096K, 22% used [0x00000000a0000000,0x00000000a0f17720,0x00000000a4280000)
 Metaspace       used 37225K, capacity 37904K, committed 38272K, reserved 1083392K
  class space    used 4960K, capacity 5165K, committed 5248K, reserved 1048576K

Card table byte_map: [0x0000000011e70000,0x0000000012180000] byte_map_base: 0x0000000011970000

Marking Bits: (ParMarkBitMap*) 0x000000006dea18f0
 Begin Bits: [0x0000000012780000, 0x0000000013f80000)
 End Bits:   [0x0000000013f80000, 0x0000000015780000)

Polling page: 0x0000000002850000

CodeCache: size=245760Kb used=14240Kb max_used=14240Kb free=231519Kb
 bounds [0x0000000002ab0000, 0x00000000038b0000, 0x0000000011ab0000]
 total_blobs=4409 nmethods=3700 adapters=622
 compilation: enabled

Compilation events (10 events):
Event: 25.451 Thread 0x000000001643d800 4076       1       org.gradle.internal.metaobject.GetPropertyResult::isFound (5 bytes)
Event: 25.451 Thread 0x000000001643d800 nmethod 4076 0x000000000387ebd0 code [0x000000000387ed20, 0x000000000387ee30]
Event: 25.461 Thread 0x000000001643d800 4077       3       java.util.ComparableTimSort::countRunAndMakeAscending (123 bytes)
Event: 25.462 Thread 0x000000001643d800 nmethod 4077 0x00000000038a3190 code [0x00000000038a33a0, 0x00000000038a4148]
Event: 25.477 Thread 0x000000001643d800 4078       3       java.lang.Class::getDeclaredFields (18 bytes)
Event: 25.477 Thread 0x000000001643d800 nmethod 4078 0x0000000003877890 code [0x0000000003877a20, 0x0000000003877c58]
Event: 25.479 Thread 0x000000001643d800 4080       3       org.codehaus.groovy.reflection.ClassInfo::getWeakMetaClass (21 bytes)
Event: 25.480 Thread 0x000000001643d800 nmethod 4080 0x00000000038a4a50 code [0x00000000038a4be0, 0x00000000038a5048]
Event: 25.480 Thread 0x000000001643d800 4081       3       org.codehaus.groovy.reflection.ClassInfo::isValidWeakMetaClass (30 bytes)
Event: 25.480 Thread 0x000000001643d800 nmethod 4081 0x00000000038a5190 code [0x00000000038a5300, 0x00000000038a56f0]

GC Heap History (10 events):
Event: 8.531 GC heap before
{Heap before GC invocations=7 (full 1):
 PSYoungGen      total 37888K, used 37343K [0x00000000e0000000, 0x00000000e4080000, 0x0000000100000000)
  eden space 32768K, 100% used [0x00000000e0000000,0x00000000e2000000,0x00000000e2000000)
  from space 5120K, 89% used [0x00000000e2000000,0x00000000e2477c10,0x00000000e2500000)
  to   space 10752K, 0% used [0x00000000e3600000,0x00000000e3600000,0x00000000e4080000)
 ParOldGen       total 68096K, used 9070K [0x00000000a0000000, 0x00000000a4280000, 0x00000000e0000000)
  object space 68096K, 13% used [0x00000000a0000000,0x00000000a08db8b8,0x00000000a4280000)
 Metaspace       used 26018K, capacity 26432K, committed 26752K, reserved 1073152K
  class space    used 3580K, capacity 3693K, committed 3712K, reserved 1048576K
Event: 8.539 GC heap after
Heap after GC invocations=7 (full 1):
 PSYoungGen      total 55296K, used 5247K [0x00000000e0000000, 0x00000000e4000000, 0x0000000100000000)
  eden space 45056K, 0% used [0x00000000e0000000,0x00000000e0000000,0x00000000e2c00000)
  from space 10240K, 51% used [0x00000000e3600000,0x00000000e3b1fdc0,0x00000000e4000000)
  to   space 10240K, 0% used [0x00000000e2c00000,0x00000000e2c00000,0x00000000e3600000)
 ParOldGen       total 68096K, used 9078K [0x00000000a0000000, 0x00000000a4280000, 0x00000000e0000000)
  object space 68096K, 13% used [0x00000000a0000000,0x00000000a08dd8b8,0x00000000a4280000)
 Metaspace       used 26018K, capacity 26432K, committed 26752K, reserved 1073152K
  class space    used 3580K, capacity 3693K, committed 3712K, reserved 1048576K
}
Event: 11.759 GC heap before
{Heap before GC invocations=8 (full 1):
 PSYoungGen      total 55296K, used 50303K [0x00000000e0000000, 0x00000000e4000000, 0x0000000100000000)
  eden space 45056K, 100% used [0x00000000e0000000,0x00000000e2c00000,0x00000000e2c00000)
  from space 10240K, 51% used [0x00000000e3600000,0x00000000e3b1fdc0,0x00000000e4000000)
  to   space 10240K, 0% used [0x00000000e2c00000,0x00000000e2c00000,0x00000000e3600000)
 ParOldGen       total 68096K, used 9078K [0x00000000a0000000, 0x00000000a4280000, 0x00000000e0000000)
  object space 68096K, 13% used [0x00000000a0000000,0x00000000a08dd8b8,0x00000000a4280000)
 Metaspace       used 28800K, capacity 29280K, committed 29440K, reserved 1075200K
  class space    used 3904K, capacity 4045K, committed 4096K, reserved 1048576K
Event: 11.773 GC heap after
Heap after GC invocations=8 (full 1):
 PSYoungGen      total 55296K, used 5648K [0x00000000e0000000, 0x00000000e4e80000, 0x0000000100000000)
  eden space 45056K, 0% used [0x00000000e0000000,0x00000000e0000000,0x00000000e2c00000)
  from space 10240K, 55% used [0x00000000e2c00000,0x00000000e3184030,0x00000000e3600000)
  to   space 9728K, 0% used [0x00000000e4500000,0x00000000e4500000,0x00000000e4e80000)
 ParOldGen       total 68096K, used 9086K [0x00000000a0000000, 0x00000000a4280000, 0x00000000e0000000)
  object space 68096K, 13% used [0x00000000a0000000,0x00000000a08df8b8,0x00000000a4280000)
 Metaspace       used 28800K, capacity 29280K, committed 29440K, reserved 1075200K
  class space    used 3904K, capacity 4045K, committed 4096K, reserved 1048576K
}
Event: 22.252 GC heap before
{Heap before GC invocations=9 (full 1):
 PSYoungGen      total 55296K, used 50704K [0x00000000e0000000, 0x00000000e4e80000, 0x0000000100000000)
  eden space 45056K, 100% used [0x00000000e0000000,0x00000000e2c00000,0x00000000e2c00000)
  from space 10240K, 55% used [0x00000000e2c00000,0x00000000e3184030,0x00000000e3600000)
  to   space 9728K, 0% used [0x00000000e4500000,0x00000000e4500000,0x00000000e4e80000)
 ParOldGen       total 68096K, used 9086K [0x00000000a0000000, 0x00000000a4280000, 0x00000000e0000000)
  object space 68096K, 13% used [0x00000000a0000000,0x00000000a08df8b8,0x00000000a4280000)
 Metaspace       used 32712K, capacity 33286K, committed 33536K, reserved 1079296K
  class space    used 4377K, capacity 4513K, committed 4608K, reserved 1048576K
Event: 22.281 GC heap after
Heap after GC invocations=9 (full 1):
 PSYoungGen      total 69120K, used 8912K [0x00000000e0000000, 0x00000000e4f00000, 0x0000000100000000)
  eden space 59392K, 0% used [0x00000000e0000000,0x00000000e0000000,0x00000000e3a00000)
  from space 9728K, 91% used [0x00000000e4500000,0x00000000e4db4070,0x00000000e4e80000)
  to   space 10752K, 0% used [0x00000000e3a00000,0x00000000e3a00000,0x00000000e4480000)
 ParOldGen       total 68096K, used 9094K [0x00000000a0000000, 0x00000000a4280000, 0x00000000e0000000)
  object space 68096K, 13% used [0x00000000a0000000,0x00000000a08e18b8,0x00000000a4280000)
 Metaspace       used 32712K, capacity 33286K, committed 33536K, reserved 1079296K
  class space    used 4377K, capacity 4513K, committed 4608K, reserved 1048576K
}
Event: 24.717 GC heap before
{Heap before GC invocations=10 (full 1):
 PSYoungGen      total 69120K, used 54948K [0x00000000e0000000, 0x00000000e4f00000, 0x0000000100000000)
  eden space 59392K, 77% used [0x00000000e0000000,0x00000000e2cf50c0,0x00000000e3a00000)
  from space 9728K, 91% used [0x00000000e4500000,0x00000000e4db4070,0x00000000e4e80000)
  to   space 10752K, 0% used [0x00000000e3a00000,0x00000000e3a00000,0x00000000e4480000)
 ParOldGen       total 68096K, used 9094K [0x00000000a0000000, 0x00000000a4280000, 0x00000000e0000000)
  object space 68096K, 13% used [0x00000000a0000000,0x00000000a08e18b8,0x00000000a4280000)
 Metaspace       used 34822K, capacity 35350K, committed 35496K, reserved 1079296K
  class space    used 4654K, capacity 4815K, committed 4864K, reserved 1048576K
Event: 24.733 GC heap after
Heap after GC invocations=10 (full 1):
 PSYoungGen      total 70144K, used 9166K [0x00000000e0000000, 0x00000000e4f00000, 0x0000000100000000)
  eden space 59392K, 0% used [0x00000000e0000000,0x00000000e0000000,0x00000000e3a00000)
  from space 10752K, 85% used [0x00000000e3a00000,0x00000000e42f3a10,0x00000000e4480000)
  to   space 9728K, 0% used [0x00000000e4500000,0x00000000e4500000,0x00000000e4e80000)
 ParOldGen       total 68096K, used 9166K [0x00000000a0000000, 0x00000000a4280000, 0x00000000e0000000)
  object space 68096K, 13% used [0x00000000a0000000,0x00000000a08f38c8,0x00000000a4280000)
 Metaspace       used 34822K, capacity 35350K, committed 35496K, reserved 1079296K
  class space    used 4654K, capacity 4815K, committed 4864K, reserved 1048576K
}
Event: 24.733 GC heap before
{Heap before GC invocations=11 (full 2):
 PSYoungGen      total 70144K, used 9166K [0x00000000e0000000, 0x00000000e4f00000, 0x0000000100000000)
  eden space 59392K, 0% used [0x00000000e0000000,0x00000000e0000000,0x00000000e3a00000)
  from space 10752K, 85% used [0x00000000e3a00000,0x00000000e42f3a10,0x00000000e4480000)
  to   space 9728K, 0% used [0x00000000e4500000,0x00000000e4500000,0x00000000e4e80000)
 ParOldGen       total 68096K, used 9166K [0x00000000a0000000, 0x00000000a4280000, 0x00000000e0000000)
  object space 68096K, 13% used [0x00000000a0000000,0x00000000a08f38c8,0x00000000a4280000)
 Metaspace       used 34822K, capacity 35350K, committed 35496K, reserved 1079296K
  class space    used 4654K, capacity 4815K, committed 4864K, reserved 1048576K
Event: 24.889 GC heap after
Heap after GC invocations=11 (full 2):
 PSYoungGen      total 70144K, used 0K [0x00000000e0000000, 0x00000000e4f00000, 0x0000000100000000)
  eden space 59392K, 0% used [0x00000000e0000000,0x00000000e0000000,0x00000000e3a00000)
  from space 10752K, 0% used [0x00000000e3a00000,0x00000000e3a00000,0x00000000e4480000)
  to   space 9728K, 0% used [0x00000000e4500000,0x00000000e4500000,0x00000000e4e80000)
 ParOldGen       total 68096K, used 15453K [0x00000000a0000000, 0x00000000a4280000, 0x00000000e0000000)
  object space 68096K, 22% used [0x00000000a0000000,0x00000000a0f17720,0x00000000a4280000)
 Metaspace       used 34822K, capacity 35350K, committed 35496K, reserved 1079296K
  class space    used 4654K, capacity 4815K, committed 4864K, reserved 1048576K
}

Deoptimization events (10 events):
Event: 24.581 Thread 0x00000000192ef000 Uncommon trap: reason=speculate_class_check action=maybe_recompile pc=0x0000000002d86f14 method=com.google.common.base.Equivalence.hash(Ljava/lang/Object;)I @ 8
Event: 24.582 Thread 0x00000000192ef000 Uncommon trap: reason=class_check action=maybe_recompile pc=0x00000000030676c4 method=com.google.common.collect.AbstractMapBasedMultimap$WrappedCollection$WrappedIterator.hasNext()Z @ 8
Event: 24.582 Thread 0x00000000192ef000 Uncommon trap: reason=class_check action=maybe_recompile pc=0x00000000030676c4 method=com.google.common.collect.AbstractMapBasedMultimap$WrappedCollection$WrappedIterator.hasNext()Z @ 8
Event: 24.582 Thread 0x00000000192ef000 Uncommon trap: reason=class_check action=maybe_recompile pc=0x00000000030676c4 method=com.google.common.collect.AbstractMapBasedMultimap$WrappedCollection$WrappedIterator.hasNext()Z @ 8
Event: 24.582 Thread 0x00000000192ef000 Uncommon trap: reason=class_check action=maybe_recompile pc=0x00000000030676c4 method=com.google.common.collect.AbstractMapBasedMultimap$WrappedCollection$WrappedIterator.hasNext()Z @ 8
Event: 25.106 Thread 0x00000000192ef000 Uncommon trap: reason=unstable_if action=reinterpret pc=0x0000000002c172cc method=java.lang.ThreadLocal.get()Ljava/lang/Object; @ 11
Event: 25.128 Thread 0x00000000192ef000 Uncommon trap: reason=unstable_if action=reinterpret pc=0x00000000033f5a24 method=java.util.HashMap.putVal(ILjava/lang/Object;Ljava/lang/Object;ZZ)Ljava/lang/Object; @ 236
Event: 25.152 Thread 0x00000000192ef000 Uncommon trap: reason=unstable_if action=reinterpret pc=0x0000000002fa7efc method=java.lang.CharacterDataLatin1.isWhitespace(I)Z @ 14
Event: 25.186 Thread 0x00000000192ef000 Uncommon trap: reason=unstable_if action=reinterpret pc=0x0000000003284b2c method=java.security.CodeSource.getCertificates()[Ljava/security/cert/Certificate; @ 22
Event: 25.204 Thread 0x00000000192ef000 Uncommon trap: reason=unstable_if action=reinterpret pc=0x0000000002ec9100 method=java.util.LinkedHashMap.get(Ljava/lang/Object;)Ljava/lang/Object; @ 20

Internal exceptions (10 events):
Event: 25.474 Thread 0x00000000192ef000 Exception <a 'java/lang/ClassNotFoundException': org/gradle/api/internal/file/CompositeFileTreeCustomizer> (0x00000000e27ecf90) thrown at [C:\src\android\AOSP-openjdk\external\jetbrains\jdk\hotspot\src\share\vm\classfile\systemDictionary.cpp, line 210]
Event: 25.476 Thread 0x00000000192ef000 Exception <a 'java/lang/ClassNotFoundException': org/gradle/api/internal/file/collections/DefaultConfigurableFileTreeCustomizer> (0x00000000e282edc0) thrown at [C:\src\android\AOSP-openjdk\external\jetbrains\jdk\hotspot\src\share\vm\classfile\systemDictionV€
Event: 25.483 Thread 0x00000000192ef000 Exception <a 'java/lang/ClassNotFoundException': org/gradle/api/internal/file/FileCollectionInternalBeanInfo> (0x00000000e28e0dd0) thrown at [C:\src\android\AOSP-openjdk\external\jetbrains\jdk\hotspot\src\share\vm\classfile\systemDictionary.cpp, line 210]
Event: 25.558 Thread 0x00000000192ef000 Exception <a 'java/lang/ClassNotFoundException': org/gradle/api/internal/file/FileCollectionInternalCustomizer> (0x00000000e290e3b0) thrown at [C:\src\android\AOSP-openjdk\external\jetbrains\jdk\hotspot\src\share\vm\classfile\systemDictionary.cpp, line 210?ÿ˜,Íè9@
Event: 25.562 Thread 0x00000000192ef000 Exception <a 'java/lang/ClassNotFoundException': org/gradle/api/file/FileCollectionBeanInfo> (0x00000000e29440e0) thrown at [C:\src\android\AOSP-openjdk\external\jetbrains\jdk\hotspot\src\share\vm\classfile\systemDictionary.cpp, line 210]
Event: 25.563 Thread 0x00000000192ef000 Exception <a 'java/lang/ClassNotFoundException': org/gradle/api/file/FileCollectionCustomizer> (0x00000000e29693e0) thrown at [C:\src\android\AOSP-openjdk\external\jetbrains\jdk\hotspot\src\share\vm\classfile\systemDictionary.cpp, line 210]
Event: 25.564 Thread 0x00000000192ef000 Exception <a 'java/lang/ClassNotFoundException': java/lang/IterableBeanInfo> (0x00000000e298c028) thrown at [C:\src\android\AOSP-openjdk\external\jetbrains\jdk\hotspot\src\share\vm\classfile\systemDictionary.cpp, line 210]
Event: 25.564 Thread 0x00000000192ef000 Exception <a 'java/lang/ClassNotFoundException': java/lang/IterableCustomizer> (0x00000000e2993e00) thrown at [C:\src\android\AOSP-openjdk\external\jetbrains\jdk\hotspot\src\share\vm\classfile\systemDictionary.cpp, line 210]
Event: 25.566 Thread 0x00000000192ef000 Exception <a 'java/lang/ClassNotFoundException': org/gradle/api/tasks/AntBuilderAwareBeanInfo> (0x00000000e29c9d48) thrown at [C:\src\android\AOSP-openjdk\external\jetbrains\jdk\hotspot\src\share\vm\classfile\systemDictionary.cpp, line 210]
Event: 25.566 Thread 0x00000000192ef000 Exception <a 'java/lang/ClassNotFoundException': org/gradle/api/tasks/AntBuilderAwareCustomizer> (0x00000000e29efac0) thrown at [C:\src\android\AOSP-openjdk\external\jetbrains\jdk\hotspot\src\share\vm\classfile\systemDictionary.cpp, line 210]

Events (10 events):
Event: 25.566 loading class org/gradle/api/tasks/AntBuilderAwareCustomizer
Event: 25.566 loading class org/gradle/api/tasks/AntBuilderAwareCustomizer done
Event: 25.567 loading class groovy/runtime/metaclass/org/gradle/api/BuildableMetaClass
Event: 25.567 loading class groovy/runtime/metaclass/org/gradle/api/BuildableMetaClass done
Event: 25.567 loading class org/gradle/api/BuildableBeanInfo
Event: 25.567 loading class org/gradle/api/BuildableBeanInfo done
Event: 25.567 loading class org/gradle/api/BuildableBeanInfo
Event: 25.567 loading class org/gradle/api/BuildableBeanInfo done
Event: 25.567 loading class org/gradle/api/BuildableBeanInfo
Event: 25.567 loading class org/gradle/api/BuildableBeanInfo done


Dynamic libraries:
0x00007ff7dacf0000 - 0x00007ff7dad21000 	C:\Program Files\Android\Android Studio\jre\bin\java.exe
0x00007ff843480000 - 0x00007ff84365b000 	C:\WINDOWS\SYSTEM32\ntdll.dll
0x00007ff8432b0000 - 0x00007ff84335e000 	C:\WINDOWS\System32\KERNEL32.DLL
0x00007ff840330000 - 0x00007ff840579000 	C:\WINDOWS\System32\KERNELBASE.dll
0x00007ff843370000 - 0x00007ff843411000 	C:\WINDOWS\System32\ADVAPI32.dll
0x00007ff842ba0000 - 0x00007ff842c3d000 	C:\WINDOWS\System32\msvcrt.dll
0x00007ff8424b0000 - 0x00007ff842509000 	C:\WINDOWS\System32\sechost.dll
0x00007ff842790000 - 0x00007ff8428b5000 	C:\WINDOWS\System32\RPCRT4.dll
0x00007ff842d20000 - 0x00007ff842e6a000 	C:\WINDOWS\System32\USER32.dll
0x00007ff8405e0000 - 0x00007ff8405fe000 	C:\WINDOWS\System32\win32u.dll
0x00007ff843280000 - 0x00007ff8432a7000 	C:\WINDOWS\System32\GDI32.dll
0x00007ff8406a0000 - 0x00007ff840827000 	C:\WINDOWS\System32\gdi32full.dll
0x00007ff840600000 - 0x00007ff84069a000 	C:\WINDOWS\System32\msvcp_win.dll
0x00007ff8408e0000 - 0x00007ff8409d6000 	C:\WINDOWS\System32\ucrtbase.dll
0x00007ff830ec0000 - 0x00007ff831127000 	C:\WINDOWS\WinSxS\amd64_microsoft.windows.common-controls_6595b64144ccf1df_6.0.15063.483_none_26002d27e7c744a2\COMCTL32.dll
0x00007ff842f80000 - 0x00007ff843279000 	C:\WINDOWS\System32\combase.dll
0x00007ff83f9a0000 - 0x00007ff83fa0a000 	C:\WINDOWS\System32\bcryptPrimitives.dll
0x00007ff8409f0000 - 0x00007ff840a1d000 	C:\WINDOWS\System32\IMM32.DLL
0x000000006d520000 - 0x000000006d5f2000 	C:\Program Files\Android\Android Studio\jre\jre\bin\msvcr100.dll
0x000000006d6e0000 - 0x000000006df1c000 	C:\Program Files\Android\Android Studio\jre\jre\bin\server\jvm.dll
0x00007ff8409e0000 - 0x00007ff8409e8000 	C:\WINDOWS\System32\PSAPI.DLL
0x00007ff831c40000 - 0x00007ff831c49000 	C:\WINDOWS\SYSTEM32\WSOCK32.dll
0x00007ff836e50000 - 0x00007ff836e73000 	C:\WINDOWS\SYSTEM32\WINMM.dll
0x00007ff834560000 - 0x00007ff83456a000 	C:\WINDOWS\SYSTEM32\VERSION.dll
0x00007ff8428c0000 - 0x00007ff84292c000 	C:\WINDOWS\System32\WS2_32.dll
0x00007ff836e20000 - 0x00007ff836e4b000 	C:\WINDOWS\SYSTEM32\winmmbase.dll
0x00007ff8402e0000 - 0x00007ff840329000 	C:\WINDOWS\System32\cfgmgr32.dll
0x00007ff821890000 - 0x00007ff82189f000 	C:\Program Files\Android\Android Studio\jre\jre\bin\verify.dll
0x00007ff821860000 - 0x00007ff821889000 	C:\Program Files\Android\Android Studio\jre\jre\bin\java.dll
0x00007ff821840000 - 0x00007ff821856000 	C:\Program Files\Android\Android Studio\jre\jre\bin\zip.dll
0x00007ff840c30000 - 0x00007ff842067000 	C:\WINDOWS\System32\SHELL32.dll
0x00007ff842930000 - 0x00007ff8429da000 	C:\WINDOWS\System32\shcore.dll
0x00007ff83fbe0000 - 0x00007ff8402d1000 	C:\WINDOWS\System32\windows.storage.dll
0x00007ff8425b0000 - 0x00007ff842601000 	C:\WINDOWS\System32\shlwapi.dll
0x00007ff83f960000 - 0x00007ff83f971000 	C:\WINDOWS\System32\kernel.appcore.dll
0x00007ff83f910000 - 0x00007ff83f95c000 	C:\WINDOWS\System32\powrprof.dll
0x00007ff83f8f0000 - 0x00007ff83f905000 	C:\WINDOWS\System32\profapi.dll
0x00007ff821820000 - 0x00007ff82183a000 	C:\Program Files\Android\Android Studio\jre\jre\bin\net.dll
0x00007ff83f1a0000 - 0x00007ff83f1fc000 	C:\WINDOWS\system32\mswsock.dll
0x00007ff821020000 - 0x00007ff821031000 	C:\Program Files\Android\Android Studio\jre\jre\bin\nio.dll
0x00007ff8118a0000 - 0x00007ff8118be000 	C:\Users\mrksa\.gradle\native\23\windows-amd64\native-platform.dll
0x00007ff83f340000 - 0x00007ff83f357000 	C:\WINDOWS\SYSTEM32\CRYPTSP.dll
0x00007ff83edc0000 - 0x00007ff83edf4000 	C:\WINDOWS\system32\rsaenh.dll
0x00007ff83f7c0000 - 0x00007ff83f7e5000 	C:\WINDOWS\SYSTEM32\bcrypt.dll
0x00007ff83f820000 - 0x00007ff83f849000 	C:\WINDOWS\SYSTEM32\USERENV.dll
0x00007ff83f360000 - 0x00007ff83f36b000 	C:\WINDOWS\SYSTEM32\CRYPTBASE.dll
0x00007ff83ef40000 - 0x00007ff83ef77000 	C:\WINDOWS\SYSTEM32\IPHLPAPI.DLL
0x00007ff842780000 - 0x00007ff842788000 	C:\WINDOWS\System32\NSI.dll
0x00007ff839d90000 - 0x00007ff839da6000 	C:\WINDOWS\SYSTEM32\dhcpcsvc6.DLL
0x00007ff839d70000 - 0x00007ff839d8a000 	C:\WINDOWS\SYSTEM32\dhcpcsvc.DLL
0x00007ff821810000 - 0x00007ff82181d000 	C:\Program Files\Android\Android Studio\jre\jre\bin\management.dll

VM Arguments:
jvm_args: -Xmx1536m -Dfile.encoding=windows-1252 -Duser.country=US -Duser.language=en -Duser.variant 
java_command: org.gradle.launcher.daemon.bootstrap.GradleDaemon 3.3
java_class_path (initial): C:\Users\mrksa\.gradle\wrapper\dists\gradle-3.3-all\55gk2rcmfc6p2dg9u9ohc3hw9\gradle-3.3\lib\gradle-launcher-3.3.jar
Launcher Type: SUN_STANDARD

Environment Variables:
CLASSPATH=C:\Program Files\Java\jre1.8.0_121\bin;C:\Program Files\Java\jdk1.8.0_121\bin;.
PATH=C:\ProgramData\Oracle\Java\javapath;C:\WINDOWS\system32;C:\WINDOWS;C:\WINDOWS\System32\Wbem;C:\WINDOWS\System32\WindowsPowerShell\v1.0\;C:\WINDOWS\system32\config\systemprofile\.dnx\bin;C:\Program Files\Microsoft DNX\Dnvm\;C:\Program Files\Microsoft SQL Server\130\Tools\Binn\;C:\Program Files (x86)\Microsoft SQL Server\110\DTS\Binn\;C:\Program Files (x86)\Microsoft SQL Server\120\DTS\Binn\;C:\Program Files (x86)\Microsoft Visual Studio 14.0\Common7\IDE;C:\Program Files\Java\jdk1.8.0_121\bin;C:\Program Files\Java\jre1.8.0_121\bin;C:\Program Files\Intel\WiFi\bin\;C:\Program Files\Common Files\Intel\WirelessCommon\;C:\Program Files (x86)\GtkSharp\2.12\bin;C:\Program Files (x86)\Windows Kits\8.1\Windows Performance Toolkit\;C:\Program Files\Python35\Scripts;C:\Program Files\Python35;C:\Program Files\Git\cmd;C:\Program Files (x86)\Skype\Phone\;C:\xampp\php;C:\ProgramData\ComposerSetup\bin;C:\xampp\php;C:\xampp\mysql\bin;C:\Users\mrksa\AppData\Roaming\Composer\vendor\bin;C:\Users\mrksa\AppData\Local\atom\bin
USERNAME=mrksa
OS=Windows_NT
PROCESSOR_IDENTIFIER=Intel64 Family 6 Model 78 Stepping 3, GenuineIntel



---------------  S Y S T E M  ---------------

OS: Windows 10.0 , 64 bit Build 15063 (10.0.15063.296)

CPU:total 4 (2 cores per cpu, 2 threads per core) family 6 model 78 stepping 3, cmov, cx8, fxsr, mmx, sse, sse2, sse3, ssse3, sse4.1, sse4.2, popcnt, avx, avx2, aes, clmul, erms, 3dnowpref, lzcnt, ht, tsc, tscinvbit, bmi1, bmi2, adx

Memory: 4k page, physical 8204552k(353524k free), swap 15149644k(3156k free)

vm_info: OpenJDK 64-Bit Server VM (25.112-b06) for windows-amd64 JRE (1.8.0_112-release-b06), built on Dec  8 2016 00:54:26 by "builder" with MS VC++ 10.0 (VS2010)

time: Tue Nov 28 01:27:48 2017
elapsed time: 25 seconds (0d 0h 0m 25s)

